{"C:\\Users\\Master\\OneDrive\\Desktop\\Dashboard restaurante\\server\\middleware\\auth.js": {"path":"C:\\Users\\Master\\OneDrive\\Desktop\\Dashboard restaurante\\server\\middleware\\auth.js","statementMap":{"0":{"start":{"line":1,"column":12},"end":{"line":1,"column":35}},"1":{"start":{"line":2,"column":23},"end":{"line":2,"column":43}},"2":{"start":{"line":3,"column":27},"end":{"line":3,"column":52}},"3":{"start":{"line":5,"column":0},"end":{"line":26,"column":2}},"4":{"start":{"line":6,"column":17},"end":{"line":6,"column":42}},"5":{"start":{"line":7,"column":2},"end":{"line":9,"column":3}},"6":{"start":{"line":8,"column":4},"end":{"line":8,"column":60}},"7":{"start":{"line":10,"column":16},"end":{"line":10,"column":31}},"8":{"start":{"line":11,"column":2},"end":{"line":25,"column":3}},"9":{"start":{"line":12,"column":20},"end":{"line":12,"column":49}},"10":{"start":{"line":13,"column":4},"end":{"line":13,"column":23}},"11":{"start":{"line":16,"column":4},"end":{"line":22,"column":5}},"12":{"start":{"line":17,"column":6},"end":{"line":19,"column":9}},"13":{"start":{"line":18,"column":8},"end":{"line":18,"column":15}},"14":{"start":{"line":21,"column":6},"end":{"line":21,"column":13}},"15":{"start":{"line":24,"column":4},"end":{"line":24,"column":72}}},"fnMap":{"0":{"name":"requireAuth","decl":{"start":{"line":5,"column":26},"end":{"line":5,"column":37}},"loc":{"start":{"line":5,"column":54},"end":{"line":26,"column":1}},"line":5},"1":{"name":"(anonymous_1)","decl":{"start":{"line":17,"column":45},"end":{"line":17,"column":46}},"loc":{"start":{"line":17,"column":51},"end":{"line":19,"column":7}},"line":17}},"branchMap":{"0":{"loc":{"start":{"line":7,"column":2},"end":{"line":9,"column":3}},"type":"if","locations":[{"start":{"line":7,"column":2},"end":{"line":9,"column":3}},{"start":{},"end":{}}],"line":7},"1":{"loc":{"start":{"line":7,"column":6},"end":{"line":7,"column":46}},"type":"binary-expr","locations":[{"start":{"line":7,"column":6},"end":{"line":7,"column":13}},{"start":{"line":7,"column":17},"end":{"line":7,"column":46}}],"line":7},"2":{"loc":{"start":{"line":16,"column":4},"end":{"line":22,"column":5}},"type":"if","locations":[{"start":{"line":16,"column":4},"end":{"line":22,"column":5}},{"start":{"line":20,"column":11},"end":{"line":22,"column":5}}],"line":16}},"s":{"0":3,"1":3,"2":3,"3":3,"4":29,"5":29,"6":4,"7":25,"8":25,"9":25,"10":25,"11":25,"12":25,"13":25,"14":0,"15":0},"f":{"0":29,"1":25},"b":{"0":[4,25],"1":[29,25],"2":[25,0]},"_coverageSchema":"1a1c01bbd47fc00a2c39e90264f33305004495a9","hash":"915fd18ee639c657115699001cabb9afc3f25e1f"}
,"C:\\Users\\Master\\OneDrive\\Desktop\\Dashboard restaurante\\server\\routes\\auth.js": {"path":"C:\\Users\\Master\\OneDrive\\Desktop\\Dashboard restaurante\\server\\routes\\auth.js","statementMap":{"0":{"start":{"line":1,"column":17},"end":{"line":1,"column":44}},"1":{"start":{"line":2,"column":17},"end":{"line":2,"column":36}},"2":{"start":{"line":3,"column":17},"end":{"line":3,"column":40}},"3":{"start":{"line":4,"column":18},"end":{"line":4,"column":47}},"4":{"start":{"line":5,"column":57},"end":{"line":5,"column":77}},"5":{"start":{"line":6,"column":20},"end":{"line":6,"column":49}},"6":{"start":{"line":7,"column":20},"end":{"line":7,"column":55}},"7":{"start":{"line":10,"column":21},"end":{"line":16,"column":2}},"8":{"start":{"line":19,"column":2},"end":{"line":19,"column":67}},"9":{"start":{"line":22,"column":2},"end":{"line":22,"column":99}},"10":{"start":{"line":25,"column":14},"end":{"line":25,"column":33}},"11":{"start":{"line":26,"column":2},"end":{"line":26,"column":108}},"12":{"start":{"line":29,"column":14},"end":{"line":29,"column":87}},"13":{"start":{"line":30,"column":2},"end":{"line":30,"column":28}},"14":{"start":{"line":33,"column":2},"end":{"line":33,"column":76}},"15":{"start":{"line":37,"column":0},"end":{"line":60,"column":3}},"16":{"start":{"line":38,"column":2},"end":{"line":59,"column":85}},"17":{"start":{"line":39,"column":32},"end":{"line":39,"column":40}},"18":{"start":{"line":40,"column":4},"end":{"line":41,"column":78}},"19":{"start":{"line":41,"column":6},"end":{"line":41,"column":78}},"20":{"start":{"line":43,"column":17},"end":{"line":45,"column":6}},"21":{"start":{"line":46,"column":4},"end":{"line":47,"column":71}},"22":{"start":{"line":47,"column":6},"end":{"line":47,"column":71}},"23":{"start":{"line":49,"column":20},"end":{"line":49,"column":127}},"24":{"start":{"line":50,"column":25},"end":{"line":50,"column":44}},"25":{"start":{"line":51,"column":25},"end":{"line":51,"column":45}},"26":{"start":{"line":52,"column":4},"end":{"line":52,"column":63}},"27":{"start":{"line":54,"column":4},"end":{"line":58,"column":7}},"28":{"start":{"line":59,"column":16},"end":{"line":59,"column":33}},"29":{"start":{"line":59,"column":34},"end":{"line":59,"column":83}},"30":{"start":{"line":63,"column":0},"end":{"line":85,"column":3}},"31":{"start":{"line":64,"column":2},"end":{"line":84,"column":85}},"32":{"start":{"line":65,"column":30},"end":{"line":65,"column":38}},"33":{"start":{"line":66,"column":4},"end":{"line":66,"column":90}},"34":{"start":{"line":66,"column":24},"end":{"line":66,"column":90}},"35":{"start":{"line":69,"column":4},"end":{"line":70,"column":90}},"36":{"start":{"line":69,"column":10},"end":{"line":69,"column":71}},"37":{"start":{"line":70,"column":12},"end":{"line":70,"column":88}},"38":{"start":{"line":72,"column":19},"end":{"line":72,"column":65}},"39":{"start":{"line":73,"column":4},"end":{"line":73,"column":99}},"40":{"start":{"line":73,"column":34},"end":{"line":73,"column":99}},"41":{"start":{"line":75,"column":17},"end":{"line":75,"column":96}},"42":{"start":{"line":76,"column":4},"end":{"line":76,"column":79}},"43":{"start":{"line":76,"column":15},"end":{"line":76,"column":79}},"44":{"start":{"line":78,"column":20},"end":{"line":78,"column":127}},"45":{"start":{"line":79,"column":23},"end":{"line":79,"column":42}},"46":{"start":{"line":80,"column":23},"end":{"line":80,"column":43}},"47":{"start":{"line":81,"column":4},"end":{"line":81,"column":61}},"48":{"start":{"line":83,"column":4},"end":{"line":83,"column":62}},"49":{"start":{"line":84,"column":16},"end":{"line":84,"column":33}},"50":{"start":{"line":84,"column":34},"end":{"line":84,"column":83}},"51":{"start":{"line":88,"column":0},"end":{"line":93,"column":3}},"52":{"start":{"line":89,"column":2},"end":{"line":92,"column":67}},"53":{"start":{"line":90,"column":4},"end":{"line":90,"column":53}},"54":{"start":{"line":91,"column":4},"end":{"line":91,"column":27}},"55":{"start":{"line":92,"column":16},"end":{"line":92,"column":65}},"56":{"start":{"line":96,"column":0},"end":{"line":105,"column":3}},"57":{"start":{"line":97,"column":2},"end":{"line":104,"column":67}},"58":{"start":{"line":98,"column":17},"end":{"line":101,"column":6}},"59":{"start":{"line":102,"column":4},"end":{"line":102,"column":79}},"60":{"start":{"line":102,"column":15},"end":{"line":102,"column":79}},"61":{"start":{"line":103,"column":4},"end":{"line":103,"column":19}},"62":{"start":{"line":104,"column":16},"end":{"line":104,"column":65}},"63":{"start":{"line":108,"column":0},"end":{"line":125,"column":3}},"64":{"start":{"line":109,"column":2},"end":{"line":124,"column":85}},"65":{"start":{"line":110,"column":47},"end":{"line":110,"column":55}},"66":{"start":{"line":111,"column":4},"end":{"line":112,"column":91}},"67":{"start":{"line":112,"column":6},"end":{"line":112,"column":91}},"68":{"start":{"line":113,"column":4},"end":{"line":114,"column":99}},"69":{"start":{"line":114,"column":6},"end":{"line":114,"column":99}},"70":{"start":{"line":116,"column":17},"end":{"line":116,"column":84}},"71":{"start":{"line":117,"column":4},"end":{"line":118,"column":77}},"72":{"start":{"line":118,"column":6},"end":{"line":118,"column":77}},"73":{"start":{"line":120,"column":20},"end":{"line":120,"column":53}},"74":{"start":{"line":121,"column":4},"end":{"line":121,"column":102}},"75":{"start":{"line":122,"column":4},"end":{"line":122,"column":53}},"76":{"start":{"line":123,"column":4},"end":{"line":123,"column":103}},"77":{"start":{"line":124,"column":16},"end":{"line":124,"column":33}},"78":{"start":{"line":124,"column":34},"end":{"line":124,"column":83}},"79":{"start":{"line":128,"column":0},"end":{"line":155,"column":3}},"80":{"start":{"line":129,"column":2},"end":{"line":154,"column":85}},"81":{"start":{"line":130,"column":55},"end":{"line":130,"column":63}},"82":{"start":{"line":131,"column":4},"end":{"line":132,"column":86}},"83":{"start":{"line":132,"column":6},"end":{"line":132,"column":86}},"84":{"start":{"line":133,"column":4},"end":{"line":134,"column":79}},"85":{"start":{"line":134,"column":6},"end":{"line":134,"column":79}},"86":{"start":{"line":136,"column":26},"end":{"line":136,"column":63}},"87":{"start":{"line":137,"column":4},"end":{"line":138,"column":99}},"88":{"start":{"line":138,"column":6},"end":{"line":138,"column":99}},"89":{"start":{"line":141,"column":4},"end":{"line":142,"column":86}},"90":{"start":{"line":142,"column":6},"end":{"line":142,"column":86}},"91":{"start":{"line":144,"column":22},"end":{"line":144,"column":48}},"92":{"start":{"line":145,"column":19},"end":{"line":145,"column":87}},"93":{"start":{"line":146,"column":4},"end":{"line":146,"column":78}},"94":{"start":{"line":146,"column":16},"end":{"line":146,"column":78}},"95":{"start":{"line":148,"column":17},"end":{"line":148,"column":46}},"96":{"start":{"line":149,"column":17},"end":{"line":151,"column":6}},"97":{"start":{"line":153,"column":4},"end":{"line":153,"column":97}},"98":{"start":{"line":154,"column":16},"end":{"line":154,"column":33}},"99":{"start":{"line":154,"column":34},"end":{"line":154,"column":83}},"100":{"start":{"line":157,"column":0},"end":{"line":157,"column":24}}},"fnMap":{"0":{"name":"signAccess","decl":{"start":{"line":18,"column":9},"end":{"line":18,"column":19}},"loc":{"start":{"line":18,"column":29},"end":{"line":20,"column":1}},"line":18},"1":{"name":"signRefresh","decl":{"start":{"line":21,"column":9},"end":{"line":21,"column":20}},"loc":{"start":{"line":21,"column":30},"end":{"line":23,"column":1}},"line":21},"2":{"name":"storeRefreshToken","decl":{"start":{"line":24,"column":15},"end":{"line":24,"column":32}},"loc":{"start":{"line":24,"column":56},"end":{"line":27,"column":1}},"line":24},"3":{"name":"getStoredRefresh","decl":{"start":{"line":28,"column":15},"end":{"line":28,"column":31}},"loc":{"start":{"line":28,"column":48},"end":{"line":31,"column":1}},"line":28},"4":{"name":"clearRefreshToken","decl":{"start":{"line":32,"column":15},"end":{"line":32,"column":32}},"loc":{"start":{"line":32,"column":49},"end":{"line":34,"column":1}},"line":32},"5":{"name":"(anonymous_5)","decl":{"start":{"line":37,"column":36},"end":{"line":37,"column":37}},"loc":{"start":{"line":37,"column":56},"end":{"line":60,"column":1}},"line":37},"6":{"name":"(anonymous_6)","decl":{"start":{"line":63,"column":24},"end":{"line":63,"column":25}},"loc":{"start":{"line":63,"column":44},"end":{"line":85,"column":1}},"line":63},"7":{"name":"(anonymous_7)","decl":{"start":{"line":88,"column":36},"end":{"line":88,"column":37}},"loc":{"start":{"line":88,"column":56},"end":{"line":93,"column":1}},"line":88},"8":{"name":"(anonymous_8)","decl":{"start":{"line":96,"column":31},"end":{"line":96,"column":32}},"loc":{"start":{"line":96,"column":51},"end":{"line":105,"column":1}},"line":96},"9":{"name":"(anonymous_9)","decl":{"start":{"line":108,"column":45},"end":{"line":108,"column":46}},"loc":{"start":{"line":108,"column":65},"end":{"line":125,"column":1}},"line":108},"10":{"name":"(anonymous_10)","decl":{"start":{"line":128,"column":70},"end":{"line":128,"column":71}},"loc":{"start":{"line":128,"column":90},"end":{"line":155,"column":1}},"line":128}},"branchMap":{"0":{"loc":{"start":{"line":30,"column":9},"end":{"line":30,"column":27}},"type":"binary-expr","locations":[{"start":{"line":30,"column":9},"end":{"line":30,"column":19}},{"start":{"line":30,"column":23},"end":{"line":30,"column":27}}],"line":30},"1":{"loc":{"start":{"line":40,"column":4},"end":{"line":41,"column":78}},"type":"if","locations":[{"start":{"line":40,"column":4},"end":{"line":41,"column":78}},{"start":{},"end":{}}],"line":40},"2":{"loc":{"start":{"line":40,"column":8},"end":{"line":40,"column":27}},"type":"binary-expr","locations":[{"start":{"line":40,"column":8},"end":{"line":40,"column":14}},{"start":{"line":40,"column":18},"end":{"line":40,"column":27}}],"line":40},"3":{"loc":{"start":{"line":46,"column":4},"end":{"line":47,"column":71}},"type":"if","locations":[{"start":{"line":46,"column":4},"end":{"line":47,"column":71}},{"start":{},"end":{}}],"line":46},"4":{"loc":{"start":{"line":46,"column":8},"end":{"line":46,"column":66}},"type":"binary-expr","locations":[{"start":{"line":46,"column":8},"end":{"line":46,"column":13}},{"start":{"line":46,"column":17},"end":{"line":46,"column":66}}],"line":46},"5":{"loc":{"start":{"line":66,"column":4},"end":{"line":66,"column":90}},"type":"if","locations":[{"start":{"line":66,"column":4},"end":{"line":66,"column":90}},{"start":{},"end":{}}],"line":66},"6":{"loc":{"start":{"line":73,"column":4},"end":{"line":73,"column":99}},"type":"if","locations":[{"start":{"line":73,"column":4},"end":{"line":73,"column":99}},{"start":{},"end":{}}],"line":73},"7":{"loc":{"start":{"line":76,"column":4},"end":{"line":76,"column":79}},"type":"if","locations":[{"start":{"line":76,"column":4},"end":{"line":76,"column":79}},{"start":{},"end":{}}],"line":76},"8":{"loc":{"start":{"line":102,"column":4},"end":{"line":102,"column":79}},"type":"if","locations":[{"start":{"line":102,"column":4},"end":{"line":102,"column":79}},{"start":{},"end":{}}],"line":102},"9":{"loc":{"start":{"line":111,"column":4},"end":{"line":112,"column":91}},"type":"if","locations":[{"start":{"line":111,"column":4},"end":{"line":112,"column":91}},{"start":{},"end":{}}],"line":111},"10":{"loc":{"start":{"line":111,"column":8},"end":{"line":111,"column":42}},"type":"binary-expr","locations":[{"start":{"line":111,"column":8},"end":{"line":111,"column":25}},{"start":{"line":111,"column":29},"end":{"line":111,"column":42}}],"line":111},"11":{"loc":{"start":{"line":113,"column":4},"end":{"line":114,"column":99}},"type":"if","locations":[{"start":{"line":113,"column":4},"end":{"line":114,"column":99}},{"start":{},"end":{}}],"line":113},"12":{"loc":{"start":{"line":117,"column":4},"end":{"line":118,"column":77}},"type":"if","locations":[{"start":{"line":117,"column":4},"end":{"line":118,"column":77}},{"start":{},"end":{}}],"line":117},"13":{"loc":{"start":{"line":130,"column":37},"end":{"line":130,"column":50}},"type":"default-arg","locations":[{"start":{"line":130,"column":43},"end":{"line":130,"column":50}}],"line":130},"14":{"loc":{"start":{"line":131,"column":4},"end":{"line":132,"column":86}},"type":"if","locations":[{"start":{"line":131,"column":4},"end":{"line":132,"column":86}},{"start":{},"end":{}}],"line":131},"15":{"loc":{"start":{"line":131,"column":8},"end":{"line":131,"column":38}},"type":"binary-expr","locations":[{"start":{"line":131,"column":8},"end":{"line":131,"column":15}},{"start":{"line":131,"column":19},"end":{"line":131,"column":25}},{"start":{"line":131,"column":29},"end":{"line":131,"column":38}}],"line":131},"16":{"loc":{"start":{"line":133,"column":4},"end":{"line":134,"column":79}},"type":"if","locations":[{"start":{"line":133,"column":4},"end":{"line":134,"column":79}},{"start":{},"end":{}}],"line":133},"17":{"loc":{"start":{"line":137,"column":4},"end":{"line":138,"column":99}},"type":"if","locations":[{"start":{"line":137,"column":4},"end":{"line":138,"column":99}},{"start":{},"end":{}}],"line":137},"18":{"loc":{"start":{"line":141,"column":4},"end":{"line":142,"column":86}},"type":"if","locations":[{"start":{"line":141,"column":4},"end":{"line":142,"column":86}},{"start":{},"end":{}}],"line":141},"19":{"loc":{"start":{"line":141,"column":8},"end":{"line":141,"column":51}},"type":"binary-expr","locations":[{"start":{"line":141,"column":8},"end":{"line":141,"column":23}},{"start":{"line":141,"column":27},"end":{"line":141,"column":51}}],"line":141},"20":{"loc":{"start":{"line":146,"column":4},"end":{"line":146,"column":78}},"type":"if","locations":[{"start":{"line":146,"column":4},"end":{"line":146,"column":78}},{"start":{},"end":{}}],"line":146}},"s":{"0":3,"1":3,"2":3,"3":3,"4":3,"5":3,"6":3,"7":3,"8":6,"9":6,"10":6,"11":6,"12":1,"13":1,"14":0,"15":3,"16":9,"17":9,"18":9,"19":2,"20":7,"21":7,"22":2,"23":5,"24":5,"25":5,"26":5,"27":5,"28":0,"29":0,"30":3,"31":3,"32":3,"33":3,"34":1,"35":2,"36":2,"37":1,"38":1,"39":1,"40":0,"41":1,"42":1,"43":0,"44":1,"45":1,"46":1,"47":1,"48":1,"49":0,"50":0,"51":3,"52":0,"53":0,"54":0,"55":0,"56":3,"57":0,"58":0,"59":0,"60":0,"61":0,"62":0,"63":3,"64":0,"65":0,"66":0,"67":0,"68":0,"69":0,"70":0,"71":0,"72":0,"73":0,"74":0,"75":0,"76":0,"77":0,"78":0,"79":3,"80":0,"81":0,"82":0,"83":0,"84":0,"85":0,"86":0,"87":0,"88":0,"89":0,"90":0,"91":0,"92":0,"93":0,"94":0,"95":0,"96":0,"97":0,"98":0,"99":0,"100":3},"f":{"0":6,"1":6,"2":6,"3":1,"4":0,"5":9,"6":3,"7":0,"8":0,"9":0,"10":0},"b":{"0":[1,0],"1":[2,7],"2":[9,8],"3":[2,5],"4":[7,6],"5":[1,2],"6":[0,1],"7":[0,1],"8":[0,0],"9":[0,0],"10":[0,0],"11":[0,0],"12":[0,0],"13":[0],"14":[0,0],"15":[0,0,0],"16":[0,0],"17":[0,0],"18":[0,0],"19":[0,0],"20":[0,0]},"_coverageSchema":"1a1c01bbd47fc00a2c39e90264f33305004495a9","hash":"1e81714de906a1360266b2223a29809b2482130a"}
,"C:\\Users\\Master\\OneDrive\\Desktop\\Dashboard restaurante\\server\\routes\\pedidos.js": {"path":"C:\\Users\\Master\\OneDrive\\Desktop\\Dashboard restaurante\\server\\routes\\pedidos.js","statementMap":{"0":{"start":{"line":1,"column":15},"end":{"line":1,"column":42}},"1":{"start":{"line":2,"column":24},"end":{"line":2,"column":53}},"2":{"start":{"line":3,"column":24},"end":{"line":3,"column":59}},"3":{"start":{"line":4,"column":24},"end":{"line":4,"column":64}},"4":{"start":{"line":5,"column":24},"end":{"line":5,"column":48}},"5":{"start":{"line":6,"column":27},"end":{"line":6,"column":51}},"6":{"start":{"line":7,"column":33},"end":{"line":7,"column":62}},"7":{"start":{"line":9,"column":0},"end":{"line":9,"column":24}},"8":{"start":{"line":11,"column":12},"end":{"line":11,"column":49}},"9":{"start":{"line":11,"column":21},"end":{"line":11,"column":49}},"10":{"start":{"line":12,"column":22},"end":{"line":12,"column":68}},"11":{"start":{"line":15,"column":15},"end":{"line":19,"column":4}},"12":{"start":{"line":20,"column":16},"end":{"line":20,"column":49}},"13":{"start":{"line":21,"column":17},"end":{"line":21,"column":50}},"14":{"start":{"line":22,"column":2},"end":{"line":22,"column":30}},"15":{"start":{"line":26,"column":0},"end":{"line":41,"column":3}},"16":{"start":{"line":27,"column":2},"end":{"line":40,"column":85}},"17":{"start":{"line":28,"column":31},"end":{"line":28,"column":40}},"18":{"start":{"line":29,"column":16},"end":{"line":29,"column":24}},"19":{"start":{"line":30,"column":16},"end":{"line":30,"column":54}},"20":{"start":{"line":31,"column":16},"end":{"line":31,"column":39}},"21":{"start":{"line":33,"column":4},"end":{"line":36,"column":47}},"22":{"start":{"line":33,"column":29},"end":{"line":33,"column":49}},"23":{"start":{"line":34,"column":9},"end":{"line":36,"column":47}},"24":{"start":{"line":34,"column":47},"end":{"line":34,"column":57}},"25":{"start":{"line":34,"column":59},"end":{"line":34,"column":86}},"26":{"start":{"line":34,"column":87},"end":{"line":34,"column":140}},"27":{"start":{"line":35,"column":9},"end":{"line":36,"column":47}},"28":{"start":{"line":35,"column":47},"end":{"line":35,"column":57}},"29":{"start":{"line":35,"column":59},"end":{"line":35,"column":87}},"30":{"start":{"line":35,"column":88},"end":{"line":35,"column":141}},"31":{"start":{"line":36,"column":29},"end":{"line":36,"column":47}},"32":{"start":{"line":38,"column":17},"end":{"line":38,"column":140}},"33":{"start":{"line":39,"column":4},"end":{"line":39,"column":63}},"34":{"start":{"line":39,"column":28},"end":{"line":39,"column":59}},"35":{"start":{"line":40,"column":16},"end":{"line":40,"column":33}},"36":{"start":{"line":40,"column":34},"end":{"line":40,"column":83}},"37":{"start":{"line":44,"column":0},"end":{"line":58,"column":3}},"38":{"start":{"line":45,"column":2},"end":{"line":57,"column":67}},"39":{"start":{"line":46,"column":32},"end":{"line":46,"column":41}},"40":{"start":{"line":47,"column":16},"end":{"line":47,"column":24}},"41":{"start":{"line":48,"column":16},"end":{"line":48,"column":69}},"42":{"start":{"line":49,"column":16},"end":{"line":49,"column":54}},"43":{"start":{"line":51,"column":4},"end":{"line":53,"column":137}},"44":{"start":{"line":51,"column":30},"end":{"line":51,"column":48}},"45":{"start":{"line":52,"column":9},"end":{"line":53,"column":137}},"46":{"start":{"line":52,"column":47},"end":{"line":52,"column":57}},"47":{"start":{"line":52,"column":59},"end":{"line":52,"column":86}},"48":{"start":{"line":52,"column":87},"end":{"line":52,"column":140}},"49":{"start":{"line":53,"column":41},"end":{"line":53,"column":51}},"50":{"start":{"line":53,"column":53},"end":{"line":53,"column":81}},"51":{"start":{"line":53,"column":82},"end":{"line":53,"column":135}},"52":{"start":{"line":55,"column":16},"end":{"line":55,"column":83}},"53":{"start":{"line":56,"column":4},"end":{"line":56,"column":45}},"54":{"start":{"line":57,"column":16},"end":{"line":57,"column":65}},"55":{"start":{"line":61,"column":0},"end":{"line":76,"column":3}},"56":{"start":{"line":62,"column":2},"end":{"line":75,"column":67}},"57":{"start":{"line":63,"column":16},"end":{"line":63,"column":24}},"58":{"start":{"line":64,"column":17},"end":{"line":68,"column":6}},"59":{"start":{"line":69,"column":20},"end":{"line":69,"column":22}},"60":{"start":{"line":70,"column":4},"end":{"line":73,"column":5}},"61":{"start":{"line":71,"column":6},"end":{"line":71,"column":49}},"62":{"start":{"line":71,"column":28},"end":{"line":71,"column":49}},"63":{"start":{"line":72,"column":6},"end":{"line":72,"column":60}},"64":{"start":{"line":74,"column":4},"end":{"line":74,"column":84}},"65":{"start":{"line":74,"column":63},"end":{"line":74,"column":80}},"66":{"start":{"line":75,"column":16},"end":{"line":75,"column":65}},"67":{"start":{"line":79,"column":0},"end":{"line":114,"column":3}},"68":{"start":{"line":80,"column":2},"end":{"line":113,"column":98}},"69":{"start":{"line":81,"column":108},"end":{"line":81,"column":116}},"70":{"start":{"line":82,"column":4},"end":{"line":82,"column":92}},"71":{"start":{"line":82,"column":25},"end":{"line":82,"column":92}},"72":{"start":{"line":84,"column":16},"end":{"line":84,"column":24}},"73":{"start":{"line":85,"column":19},"end":{"line":85,"column":55}},"74":{"start":{"line":86,"column":21},"end":{"line":86,"column":68}},"75":{"start":{"line":89,"column":4},"end":{"line":104,"column":5}},"76":{"start":{"line":90,"column":24},"end":{"line":90,"column":109}},"77":{"start":{"line":90,"column":47},"end":{"line":90,"column":105}},"78":{"start":{"line":91,"column":24},"end":{"line":91,"column":79}},"79":{"start":{"line":91,"column":39},"end":{"line":91,"column":67}},"80":{"start":{"line":93,"column":21},"end":{"line":95,"column":8}},"81":{"start":{"line":97,"column":27},"end":{"line":101,"column":7}},"82":{"start":{"line":98,"column":23},"end":{"line":100,"column":10}},"83":{"start":{"line":102,"column":6},"end":{"line":102,"column":148}},"84":{"start":{"line":103,"column":6},"end":{"line":103,"column":70}},"85":{"start":{"line":107,"column":4},"end":{"line":107,"column":110}},"86":{"start":{"line":107,"column":32},"end":{"line":107,"column":110}},"87":{"start":{"line":108,"column":19},"end":{"line":110,"column":6}},"88":{"start":{"line":111,"column":4},"end":{"line":111,"column":154}},"89":{"start":{"line":112,"column":4},"end":{"line":112,"column":51}},"90":{"start":{"line":113,"column":16},"end":{"line":113,"column":33}},"91":{"start":{"line":113,"column":34},"end":{"line":113,"column":96}},"92":{"start":{"line":117,"column":0},"end":{"line":163,"column":3}},"93":{"start":{"line":118,"column":2},"end":{"line":162,"column":79}},"94":{"start":{"line":119,"column":21},"end":{"line":119,"column":29}},"95":{"start":{"line":120,"column":21},"end":{"line":120,"column":44}},"96":{"start":{"line":121,"column":67},"end":{"line":121,"column":75}},"97":{"start":{"line":122,"column":4},"end":{"line":122,"column":122}},"98":{"start":{"line":122,"column":44},"end":{"line":122,"column":122}},"99":{"start":{"line":124,"column":19},"end":{"line":124,"column":102}},"100":{"start":{"line":125,"column":4},"end":{"line":125,"column":80}},"101":{"start":{"line":125,"column":17},"end":{"line":125,"column":80}},"102":{"start":{"line":127,"column":16},"end":{"line":127,"column":18}},"103":{"start":{"line":128,"column":18},"end":{"line":128,"column":22}},"104":{"start":{"line":129,"column":4},"end":{"line":138,"column":5}},"105":{"start":{"line":130,"column":19},"end":{"line":130,"column":117}},"106":{"start":{"line":131,"column":6},"end":{"line":131,"column":82}},"107":{"start":{"line":131,"column":17},"end":{"line":131,"column":82}},"108":{"start":{"line":132,"column":6},"end":{"line":132,"column":114}},"109":{"start":{"line":132,"column":33},"end":{"line":132,"column":114}},"110":{"start":{"line":133,"column":6},"end":{"line":133,"column":21}},"111":{"start":{"line":134,"column":6},"end":{"line":134,"column":137}},"112":{"start":{"line":135,"column":6},"end":{"line":137,"column":10}},"113":{"start":{"line":140,"column":17},"end":{"line":142,"column":6}},"114":{"start":{"line":144,"column":18},"end":{"line":144,"column":90}},"115":{"start":{"line":145,"column":23},"end":{"line":145,"column":84}},"116":{"start":{"line":145,"column":46},"end":{"line":145,"column":80}},"117":{"start":{"line":147,"column":4},"end":{"line":150,"column":7}},"118":{"start":{"line":153,"column":4},"end":{"line":159,"column":5}},"119":{"start":{"line":154,"column":25},"end":{"line":154,"column":59}},"120":{"start":{"line":155,"column":6},"end":{"line":158,"column":7}},"121":{"start":{"line":156,"column":8},"end":{"line":156,"column":133}},"122":{"start":{"line":157,"column":8},"end":{"line":157,"column":70}},"123":{"start":{"line":161,"column":4},"end":{"line":161,"column":31}},"124":{"start":{"line":162,"column":16},"end":{"line":162,"column":33}},"125":{"start":{"line":162,"column":34},"end":{"line":162,"column":77}},"126":{"start":{"line":166,"column":0},"end":{"line":204,"column":3}},"127":{"start":{"line":167,"column":2},"end":{"line":203,"column":79}},"128":{"start":{"line":168,"column":21},"end":{"line":168,"column":29}},"129":{"start":{"line":169,"column":21},"end":{"line":169,"column":44}},"130":{"start":{"line":170,"column":21},"end":{"line":170,"column":48}},"131":{"start":{"line":171,"column":25},"end":{"line":171,"column":33}},"132":{"start":{"line":172,"column":4},"end":{"line":172,"column":110}},"133":{"start":{"line":172,"column":45},"end":{"line":172,"column":110}},"134":{"start":{"line":174,"column":17},"end":{"line":174,"column":102}},"135":{"start":{"line":175,"column":4},"end":{"line":175,"column":76}},"136":{"start":{"line":175,"column":15},"end":{"line":175,"column":76}},"137":{"start":{"line":177,"column":18},"end":{"line":177,"column":52}},"138":{"start":{"line":178,"column":16},"end":{"line":178,"column":18}},"139":{"start":{"line":180,"column":4},"end":{"line":191,"column":5}},"140":{"start":{"line":181,"column":19},"end":{"line":181,"column":112}},"141":{"start":{"line":182,"column":6},"end":{"line":184,"column":7}},"142":{"start":{"line":183,"column":8},"end":{"line":183,"column":89}},"143":{"start":{"line":185,"column":6},"end":{"line":190,"column":7}},"144":{"start":{"line":186,"column":8},"end":{"line":186,"column":121}},"145":{"start":{"line":187,"column":8},"end":{"line":189,"column":12}},"146":{"start":{"line":193,"column":20},"end":{"line":193,"column":121}},"147":{"start":{"line":194,"column":21},"end":{"line":194,"column":93}},"148":{"start":{"line":195,"column":23},"end":{"line":195,"column":87}},"149":{"start":{"line":195,"column":49},"end":{"line":195,"column":83}},"150":{"start":{"line":197,"column":4},"end":{"line":200,"column":7}},"151":{"start":{"line":202,"column":4},"end":{"line":202,"column":41}},"152":{"start":{"line":203,"column":16},"end":{"line":203,"column":33}},"153":{"start":{"line":203,"column":34},"end":{"line":203,"column":77}},"154":{"start":{"line":207,"column":0},"end":{"line":232,"column":3}},"155":{"start":{"line":208,"column":2},"end":{"line":231,"column":79}},"156":{"start":{"line":209,"column":21},"end":{"line":209,"column":29}},"157":{"start":{"line":210,"column":21},"end":{"line":210,"column":44}},"158":{"start":{"line":211,"column":21},"end":{"line":211,"column":48}},"159":{"start":{"line":213,"column":17},"end":{"line":213,"column":102}},"160":{"start":{"line":214,"column":4},"end":{"line":214,"column":76}},"161":{"start":{"line":214,"column":15},"end":{"line":214,"column":76}},"162":{"start":{"line":216,"column":16},"end":{"line":216,"column":73}},"163":{"start":{"line":217,"column":4},"end":{"line":223,"column":5}},"164":{"start":{"line":218,"column":19},"end":{"line":218,"column":92}},"165":{"start":{"line":219,"column":6},"end":{"line":219,"column":127}},"166":{"start":{"line":220,"column":6},"end":{"line":222,"column":10}},"167":{"start":{"line":224,"column":4},"end":{"line":224,"column":39}},"168":{"start":{"line":226,"column":21},"end":{"line":226,"column":93}},"169":{"start":{"line":227,"column":23},"end":{"line":227,"column":87}},"170":{"start":{"line":227,"column":49},"end":{"line":227,"column":83}},"171":{"start":{"line":228,"column":4},"end":{"line":228,"column":93}},"172":{"start":{"line":230,"column":4},"end":{"line":230,"column":39}},"173":{"start":{"line":231,"column":16},"end":{"line":231,"column":33}},"174":{"start":{"line":231,"column":34},"end":{"line":231,"column":77}},"175":{"start":{"line":235,"column":0},"end":{"line":297,"column":3}},"176":{"start":{"line":236,"column":2},"end":{"line":296,"column":98}},"177":{"start":{"line":237,"column":49},"end":{"line":237,"column":57}},"178":{"start":{"line":238,"column":18},"end":{"line":238,"column":98}},"179":{"start":{"line":239,"column":4},"end":{"line":239,"column":91}},"180":{"start":{"line":239,"column":33},"end":{"line":239,"column":91}},"181":{"start":{"line":241,"column":21},"end":{"line":241,"column":44}},"182":{"start":{"line":242,"column":16},"end":{"line":242,"column":24}},"183":{"start":{"line":243,"column":19},"end":{"line":243,"column":102}},"184":{"start":{"line":244,"column":4},"end":{"line":244,"column":80}},"185":{"start":{"line":244,"column":17},"end":{"line":244,"column":80}},"186":{"start":{"line":246,"column":4},"end":{"line":291,"column":5}},"187":{"start":{"line":247,"column":6},"end":{"line":247,"column":72}},"188":{"start":{"line":247,"column":42},"end":{"line":247,"column":72}},"189":{"start":{"line":249,"column":29},"end":{"line":249,"column":97}},"190":{"start":{"line":250,"column":6},"end":{"line":253,"column":7}},"191":{"start":{"line":251,"column":8},"end":{"line":251,"column":86}},"192":{"start":{"line":252,"column":8},"end":{"line":252,"column":109}},"193":{"start":{"line":255,"column":18},"end":{"line":255,"column":101}},"194":{"start":{"line":256,"column":24},"end":{"line":256,"column":42}},"195":{"start":{"line":257,"column":24},"end":{"line":257,"column":89}},"196":{"start":{"line":258,"column":25},"end":{"line":258,"column":63}},"197":{"start":{"line":260,"column":22},"end":{"line":260,"column":94}},"198":{"start":{"line":262,"column":6},"end":{"line":268,"column":7}},"199":{"start":{"line":263,"column":8},"end":{"line":263,"column":139}},"200":{"start":{"line":263,"column":39},"end":{"line":263,"column":136}},"201":{"start":{"line":265,"column":29},"end":{"line":265,"column":53}},"202":{"start":{"line":266,"column":29},"end":{"line":266,"column":109}},"203":{"start":{"line":267,"column":8},"end":{"line":267,"column":101}},"204":{"start":{"line":270,"column":27},"end":{"line":270,"column":51}},"205":{"start":{"line":271,"column":27},"end":{"line":271,"column":107}},"206":{"start":{"line":272,"column":24},"end":{"line":272,"column":86}},"207":{"start":{"line":275,"column":6},"end":{"line":287,"column":7}},"208":{"start":{"line":276,"column":8},"end":{"line":280,"column":10}},"209":{"start":{"line":282,"column":8},"end":{"line":286,"column":27}},"210":{"start":{"line":284,"column":10},"end":{"line":284,"column":87}},"211":{"start":{"line":285,"column":10},"end":{"line":285,"column":30}},"212":{"start":{"line":285,"column":22},"end":{"line":285,"column":30}},"213":{"start":{"line":286,"column":17},"end":{"line":286,"column":25}},"214":{"start":{"line":288,"column":6},"end":{"line":288,"column":105}},"215":{"start":{"line":289,"column":6},"end":{"line":289,"column":162}},"216":{"start":{"line":290,"column":6},"end":{"line":290,"column":89}},"217":{"start":{"line":293,"column":4},"end":{"line":293,"column":82}},"218":{"start":{"line":294,"column":4},"end":{"line":294,"column":160}},"219":{"start":{"line":295,"column":4},"end":{"line":295,"column":27}},"220":{"start":{"line":296,"column":16},"end":{"line":296,"column":33}},"221":{"start":{"line":296,"column":34},"end":{"line":296,"column":96}},"222":{"start":{"line":300,"column":0},"end":{"line":308,"column":3}},"223":{"start":{"line":301,"column":2},"end":{"line":307,"column":67}},"224":{"start":{"line":302,"column":15},"end":{"line":302,"column":38}},"225":{"start":{"line":303,"column":19},"end":{"line":303,"column":97}},"226":{"start":{"line":304,"column":4},"end":{"line":304,"column":80}},"227":{"start":{"line":304,"column":17},"end":{"line":304,"column":80}},"228":{"start":{"line":305,"column":4},"end":{"line":305,"column":54}},"229":{"start":{"line":306,"column":4},"end":{"line":306,"column":27}},"230":{"start":{"line":307,"column":16},"end":{"line":307,"column":65}},"231":{"start":{"line":310,"column":0},"end":{"line":310,"column":24}}},"fnMap":{"0":{"name":"(anonymous_0)","decl":{"start":{"line":11,"column":12},"end":{"line":11,"column":13}},"loc":{"start":{"line":11,"column":21},"end":{"line":11,"column":49}},"line":11},"1":{"name":"getNextNumero","decl":{"start":{"line":14,"column":15},"end":{"line":14,"column":28}},"loc":{"start":{"line":14,"column":42},"end":{"line":23,"column":1}},"line":14},"2":{"name":"(anonymous_2)","decl":{"start":{"line":26,"column":16},"end":{"line":26,"column":17}},"loc":{"start":{"line":26,"column":36},"end":{"line":41,"column":1}},"line":26},"3":{"name":"(anonymous_3)","decl":{"start":{"line":39,"column":22},"end":{"line":39,"column":23}},"loc":{"start":{"line":39,"column":28},"end":{"line":39,"column":59}},"line":39},"4":{"name":"(anonymous_4)","decl":{"start":{"line":44,"column":22},"end":{"line":44,"column":23}},"loc":{"start":{"line":44,"column":42},"end":{"line":58,"column":1}},"line":44},"5":{"name":"(anonymous_5)","decl":{"start":{"line":61,"column":24},"end":{"line":61,"column":25}},"loc":{"start":{"line":61,"column":44},"end":{"line":76,"column":1}},"line":61},"6":{"name":"(anonymous_6)","decl":{"start":{"line":74,"column":41},"end":{"line":74,"column":42}},"loc":{"start":{"line":74,"column":63},"end":{"line":74,"column":80}},"line":74},"7":{"name":"(anonymous_7)","decl":{"start":{"line":79,"column":66},"end":{"line":79,"column":67}},"loc":{"start":{"line":79,"column":86},"end":{"line":114,"column":1}},"line":79},"8":{"name":"(anonymous_8)","decl":{"start":{"line":90,"column":37},"end":{"line":90,"column":38}},"loc":{"start":{"line":90,"column":47},"end":{"line":90,"column":105}},"line":90},"9":{"name":"(anonymous_9)","decl":{"start":{"line":91,"column":34},"end":{"line":91,"column":35}},"loc":{"start":{"line":91,"column":39},"end":{"line":91,"column":67}},"line":91},"10":{"name":"(anonymous_10)","decl":{"start":{"line":98,"column":18},"end":{"line":98,"column":19}},"loc":{"start":{"line":98,"column":23},"end":{"line":100,"column":10}},"line":98},"11":{"name":"(anonymous_11)","decl":{"start":{"line":117,"column":75},"end":{"line":117,"column":76}},"loc":{"start":{"line":117,"column":95},"end":{"line":163,"column":1}},"line":117},"12":{"name":"(anonymous_12)","decl":{"start":{"line":145,"column":36},"end":{"line":145,"column":37}},"loc":{"start":{"line":145,"column":46},"end":{"line":145,"column":80}},"line":145},"13":{"name":"(anonymous_13)","decl":{"start":{"line":166,"column":84},"end":{"line":166,"column":85}},"loc":{"start":{"line":166,"column":104},"end":{"line":204,"column":1}},"line":166},"14":{"name":"(anonymous_14)","decl":{"start":{"line":195,"column":39},"end":{"line":195,"column":40}},"loc":{"start":{"line":195,"column":49},"end":{"line":195,"column":83}},"line":195},"15":{"name":"(anonymous_15)","decl":{"start":{"line":207,"column":85},"end":{"line":207,"column":86}},"loc":{"start":{"line":207,"column":105},"end":{"line":232,"column":1}},"line":207},"16":{"name":"(anonymous_16)","decl":{"start":{"line":227,"column":39},"end":{"line":227,"column":40}},"loc":{"start":{"line":227,"column":49},"end":{"line":227,"column":83}},"line":227},"17":{"name":"(anonymous_17)","decl":{"start":{"line":235,"column":28},"end":{"line":235,"column":29}},"loc":{"start":{"line":235,"column":48},"end":{"line":297,"column":1}},"line":235},"18":{"name":"(anonymous_18)","decl":{"start":{"line":263,"column":33},"end":{"line":263,"column":34}},"loc":{"start":{"line":263,"column":39},"end":{"line":263,"column":136}},"line":263},"19":{"name":"(anonymous_19)","decl":{"start":{"line":300,"column":60},"end":{"line":300,"column":61}},"loc":{"start":{"line":300,"column":80},"end":{"line":308,"column":1}},"line":300}},"branchMap":{"0":{"loc":{"start":{"line":11,"column":21},"end":{"line":11,"column":49}},"type":"binary-expr","locations":[{"start":{"line":11,"column":21},"end":{"line":11,"column":44}},{"start":{"line":11,"column":48},"end":{"line":11,"column":49}}],"line":11},"1":{"loc":{"start":{"line":21,"column":17},"end":{"line":21,"column":50}},"type":"cond-expr","locations":[{"start":{"line":21,"column":25},"end":{"line":21,"column":43}},{"start":{"line":21,"column":46},"end":{"line":21,"column":50}}],"line":21},"2":{"loc":{"start":{"line":33,"column":4},"end":{"line":36,"column":47}},"type":"if","locations":[{"start":{"line":33,"column":4},"end":{"line":36,"column":47}},{"start":{"line":34,"column":9},"end":{"line":36,"column":47}}],"line":33},"3":{"loc":{"start":{"line":34,"column":9},"end":{"line":36,"column":47}},"type":"if","locations":[{"start":{"line":34,"column":9},"end":{"line":36,"column":47}},{"start":{"line":35,"column":9},"end":{"line":36,"column":47}}],"line":34},"4":{"loc":{"start":{"line":35,"column":9},"end":{"line":36,"column":47}},"type":"if","locations":[{"start":{"line":35,"column":9},"end":{"line":36,"column":47}},{"start":{"line":36,"column":29},"end":{"line":36,"column":47}}],"line":35},"5":{"loc":{"start":{"line":46,"column":12},"end":{"line":46,"column":27}},"type":"default-arg","locations":[{"start":{"line":46,"column":22},"end":{"line":46,"column":27}}],"line":46},"6":{"loc":{"start":{"line":51,"column":4},"end":{"line":53,"column":137}},"type":"if","locations":[{"start":{"line":51,"column":4},"end":{"line":53,"column":137}},{"start":{"line":52,"column":9},"end":{"line":53,"column":137}}],"line":51},"7":{"loc":{"start":{"line":52,"column":9},"end":{"line":53,"column":137}},"type":"if","locations":[{"start":{"line":52,"column":9},"end":{"line":53,"column":137}},{"start":{"line":53,"column":29},"end":{"line":53,"column":137}}],"line":52},"8":{"loc":{"start":{"line":56,"column":22},"end":{"line":56,"column":41}},"type":"binary-expr","locations":[{"start":{"line":56,"column":22},"end":{"line":56,"column":36}},{"start":{"line":56,"column":40},"end":{"line":56,"column":41}}],"line":56},"9":{"loc":{"start":{"line":71,"column":6},"end":{"line":71,"column":49}},"type":"if","locations":[{"start":{"line":71,"column":6},"end":{"line":71,"column":49}},{"start":{},"end":{}}],"line":71},"10":{"loc":{"start":{"line":81,"column":48},"end":{"line":81,"column":68}},"type":"default-arg","locations":[{"start":{"line":81,"column":57},"end":{"line":81,"column":68}}],"line":81},"11":{"loc":{"start":{"line":82,"column":4},"end":{"line":82,"column":92}},"type":"if","locations":[{"start":{"line":82,"column":4},"end":{"line":82,"column":92}},{"start":{},"end":{}}],"line":82},"12":{"loc":{"start":{"line":86,"column":21},"end":{"line":86,"column":68}},"type":"binary-expr","locations":[{"start":{"line":86,"column":21},"end":{"line":86,"column":26}},{"start":{"line":86,"column":30},"end":{"line":86,"column":68}}],"line":86},"13":{"loc":{"start":{"line":89,"column":4},"end":{"line":104,"column":5}},"type":"if","locations":[{"start":{"line":89,"column":4},"end":{"line":104,"column":5}},{"start":{},"end":{}}],"line":89},"14":{"loc":{"start":{"line":89,"column":8},"end":{"line":89,"column":48}},"type":"binary-expr","locations":[{"start":{"line":89,"column":8},"end":{"line":89,"column":28}},{"start":{"line":89,"column":32},"end":{"line":89,"column":48}}],"line":89},"15":{"loc":{"start":{"line":94,"column":131},"end":{"line":94,"column":149}},"type":"binary-expr","locations":[{"start":{"line":94,"column":131},"end":{"line":94,"column":141}},{"start":{"line":94,"column":145},"end":{"line":94,"column":149}}],"line":94},"16":{"loc":{"start":{"line":94,"column":157},"end":{"line":94,"column":167}},"type":"binary-expr","locations":[{"start":{"line":94,"column":157},"end":{"line":94,"column":161}},{"start":{"line":94,"column":165},"end":{"line":94,"column":167}}],"line":94},"17":{"loc":{"start":{"line":94,"column":179},"end":{"line":94,"column":202}},"type":"binary-expr","locations":[{"start":{"line":94,"column":179},"end":{"line":94,"column":197}},{"start":{"line":94,"column":201},"end":{"line":94,"column":202}}],"line":94},"18":{"loc":{"start":{"line":99,"column":53},"end":{"line":99,"column":99}},"type":"cond-expr","locations":[{"start":{"line":99,"column":69},"end":{"line":99,"column":92}},{"start":{"line":99,"column":95},"end":{"line":99,"column":99}}],"line":99},"19":{"loc":{"start":{"line":102,"column":116},"end":{"line":102,"column":126}},"type":"binary-expr","locations":[{"start":{"line":102,"column":116},"end":{"line":102,"column":120}},{"start":{"line":102,"column":124},"end":{"line":102,"column":126}}],"line":102},"20":{"loc":{"start":{"line":107,"column":4},"end":{"line":107,"column":110}},"type":"if","locations":[{"start":{"line":107,"column":4},"end":{"line":107,"column":110}},{"start":{},"end":{}}],"line":107},"21":{"loc":{"start":{"line":107,"column":8},"end":{"line":107,"column":30}},"type":"binary-expr","locations":[{"start":{"line":107,"column":8},"end":{"line":107,"column":13}},{"start":{"line":107,"column":17},"end":{"line":107,"column":30}}],"line":107},"22":{"loc":{"start":{"line":109,"column":128},"end":{"line":109,"column":146}},"type":"binary-expr","locations":[{"start":{"line":109,"column":128},"end":{"line":109,"column":138}},{"start":{"line":109,"column":142},"end":{"line":109,"column":146}}],"line":109},"23":{"loc":{"start":{"line":109,"column":154},"end":{"line":109,"column":164}},"type":"binary-expr","locations":[{"start":{"line":109,"column":154},"end":{"line":109,"column":158}},{"start":{"line":109,"column":162},"end":{"line":109,"column":164}}],"line":109},"24":{"loc":{"start":{"line":109,"column":176},"end":{"line":109,"column":199}},"type":"binary-expr","locations":[{"start":{"line":109,"column":176},"end":{"line":109,"column":194}},{"start":{"line":109,"column":198},"end":{"line":109,"column":199}}],"line":109},"25":{"loc":{"start":{"line":111,"column":114},"end":{"line":111,"column":124}},"type":"binary-expr","locations":[{"start":{"line":111,"column":114},"end":{"line":111,"column":118}},{"start":{"line":111,"column":122},"end":{"line":111,"column":124}}],"line":111},"26":{"loc":{"start":{"line":113,"column":64},"end":{"line":113,"column":92}},"type":"binary-expr","locations":[{"start":{"line":113,"column":64},"end":{"line":113,"column":73}},{"start":{"line":113,"column":77},"end":{"line":113,"column":92}}],"line":113},"27":{"loc":{"start":{"line":121,"column":33},"end":{"line":121,"column":45}},"type":"default-arg","locations":[{"start":{"line":121,"column":44},"end":{"line":121,"column":45}}],"line":121},"28":{"loc":{"start":{"line":122,"column":4},"end":{"line":122,"column":122}},"type":"if","locations":[{"start":{"line":122,"column":4},"end":{"line":122,"column":122}},{"start":{},"end":{}}],"line":122},"29":{"loc":{"start":{"line":122,"column":8},"end":{"line":122,"column":42}},"type":"binary-expr","locations":[{"start":{"line":122,"column":8},"end":{"line":122,"column":15}},{"start":{"line":122,"column":19},"end":{"line":122,"column":42}}],"line":122},"30":{"loc":{"start":{"line":125,"column":4},"end":{"line":125,"column":80}},"type":"if","locations":[{"start":{"line":125,"column":4},"end":{"line":125,"column":80}},{"start":{},"end":{}}],"line":125},"31":{"loc":{"start":{"line":129,"column":4},"end":{"line":138,"column":5}},"type":"if","locations":[{"start":{"line":129,"column":4},"end":{"line":138,"column":5}},{"start":{},"end":{}}],"line":129},"32":{"loc":{"start":{"line":131,"column":6},"end":{"line":131,"column":82}},"type":"if","locations":[{"start":{"line":131,"column":6},"end":{"line":131,"column":82}},{"start":{},"end":{}}],"line":131},"33":{"loc":{"start":{"line":132,"column":6},"end":{"line":132,"column":114}},"type":"if","locations":[{"start":{"line":132,"column":6},"end":{"line":132,"column":114}},{"start":{},"end":{}}],"line":132},"34":{"loc":{"start":{"line":141,"column":48},"end":{"line":141,"column":90}},"type":"cond-expr","locations":[{"start":{"line":141,"column":62},"end":{"line":141,"column":83}},{"start":{"line":141,"column":86},"end":{"line":141,"column":90}}],"line":141},"35":{"loc":{"start":{"line":153,"column":4},"end":{"line":159,"column":5}},"type":"if","locations":[{"start":{"line":153,"column":4},"end":{"line":159,"column":5}},{"start":{},"end":{}}],"line":153},"36":{"loc":{"start":{"line":155,"column":6},"end":{"line":158,"column":7}},"type":"if","locations":[{"start":{"line":155,"column":6},"end":{"line":158,"column":7}},{"start":{},"end":{}}],"line":155},"37":{"loc":{"start":{"line":155,"column":10},"end":{"line":155,"column":72}},"type":"binary-expr","locations":[{"start":{"line":155,"column":10},"end":{"line":155,"column":34}},{"start":{"line":155,"column":38},"end":{"line":155,"column":72}}],"line":155},"38":{"loc":{"start":{"line":172,"column":4},"end":{"line":172,"column":110}},"type":"if","locations":[{"start":{"line":172,"column":4},"end":{"line":172,"column":110}},{"start":{},"end":{}}],"line":172},"39":{"loc":{"start":{"line":172,"column":8},"end":{"line":172,"column":43}},"type":"binary-expr","locations":[{"start":{"line":172,"column":8},"end":{"line":172,"column":17}},{"start":{"line":172,"column":21},"end":{"line":172,"column":43}}],"line":172},"40":{"loc":{"start":{"line":175,"column":4},"end":{"line":175,"column":76}},"type":"if","locations":[{"start":{"line":175,"column":4},"end":{"line":175,"column":76}},{"start":{},"end":{}}],"line":175},"41":{"loc":{"start":{"line":180,"column":4},"end":{"line":191,"column":5}},"type":"if","locations":[{"start":{"line":180,"column":4},"end":{"line":191,"column":5}},{"start":{},"end":{}}],"line":180},"42":{"loc":{"start":{"line":180,"column":8},"end":{"line":180,"column":39}},"type":"binary-expr","locations":[{"start":{"line":180,"column":8},"end":{"line":180,"column":19}},{"start":{"line":180,"column":23},"end":{"line":180,"column":39}}],"line":180},"43":{"loc":{"start":{"line":182,"column":6},"end":{"line":184,"column":7}},"type":"if","locations":[{"start":{"line":182,"column":6},"end":{"line":184,"column":7}},{"start":{},"end":{}}],"line":182},"44":{"loc":{"start":{"line":182,"column":10},"end":{"line":182,"column":49}},"type":"binary-expr","locations":[{"start":{"line":182,"column":10},"end":{"line":182,"column":19}},{"start":{"line":182,"column":23},"end":{"line":182,"column":27}},{"start":{"line":182,"column":31},"end":{"line":182,"column":49}}],"line":182},"45":{"loc":{"start":{"line":185,"column":6},"end":{"line":190,"column":7}},"type":"if","locations":[{"start":{"line":185,"column":6},"end":{"line":190,"column":7}},{"start":{},"end":{}}],"line":185},"46":{"loc":{"start":{"line":188,"column":80},"end":{"line":188,"column":112}},"type":"cond-expr","locations":[{"start":{"line":188,"column":92},"end":{"line":188,"column":100}},{"start":{"line":188,"column":103},"end":{"line":188,"column":112}}],"line":188},"47":{"loc":{"start":{"line":214,"column":4},"end":{"line":214,"column":76}},"type":"if","locations":[{"start":{"line":214,"column":4},"end":{"line":214,"column":76}},{"start":{},"end":{}}],"line":214},"48":{"loc":{"start":{"line":217,"column":4},"end":{"line":223,"column":5}},"type":"if","locations":[{"start":{"line":217,"column":4},"end":{"line":223,"column":5}},{"start":{},"end":{}}],"line":217},"49":{"loc":{"start":{"line":221,"column":198},"end":{"line":221,"column":214}},"type":"binary-expr","locations":[{"start":{"line":221,"column":198},"end":{"line":221,"column":209}},{"start":{"line":221,"column":213},"end":{"line":221,"column":214}}],"line":221},"50":{"loc":{"start":{"line":237,"column":20},"end":{"line":237,"column":44}},"type":"default-arg","locations":[{"start":{"line":237,"column":34},"end":{"line":237,"column":44}}],"line":237},"51":{"loc":{"start":{"line":239,"column":4},"end":{"line":239,"column":91}},"type":"if","locations":[{"start":{"line":239,"column":4},"end":{"line":239,"column":91}},{"start":{},"end":{}}],"line":239},"52":{"loc":{"start":{"line":244,"column":4},"end":{"line":244,"column":80}},"type":"if","locations":[{"start":{"line":244,"column":4},"end":{"line":244,"column":80}},{"start":{},"end":{}}],"line":244},"53":{"loc":{"start":{"line":246,"column":4},"end":{"line":291,"column":5}},"type":"if","locations":[{"start":{"line":246,"column":4},"end":{"line":291,"column":5}},{"start":{},"end":{}}],"line":246},"54":{"loc":{"start":{"line":247,"column":6},"end":{"line":247,"column":72}},"type":"if","locations":[{"start":{"line":247,"column":6},"end":{"line":247,"column":72}},{"start":{},"end":{}}],"line":247},"55":{"loc":{"start":{"line":250,"column":6},"end":{"line":253,"column":7}},"type":"if","locations":[{"start":{"line":250,"column":6},"end":{"line":253,"column":7}},{"start":{},"end":{}}],"line":250},"56":{"loc":{"start":{"line":255,"column":18},"end":{"line":255,"column":101}},"type":"binary-expr","locations":[{"start":{"line":255,"column":18},"end":{"line":255,"column":95}},{"start":{"line":255,"column":99},"end":{"line":255,"column":101}}],"line":255},"57":{"loc":{"start":{"line":256,"column":24},"end":{"line":256,"column":42}},"type":"binary-expr","locations":[{"start":{"line":256,"column":24},"end":{"line":256,"column":36}},{"start":{"line":256,"column":40},"end":{"line":256,"column":42}}],"line":256},"58":{"loc":{"start":{"line":257,"column":24},"end":{"line":257,"column":89}},"type":"cond-expr","locations":[{"start":{"line":257,"column":54},"end":{"line":257,"column":82}},{"start":{"line":257,"column":85},"end":{"line":257,"column":89}}],"line":257},"59":{"loc":{"start":{"line":262,"column":6},"end":{"line":268,"column":7}},"type":"if","locations":[{"start":{"line":262,"column":6},"end":{"line":268,"column":7}},{"start":{"line":264,"column":13},"end":{"line":268,"column":7}}],"line":262},"60":{"loc":{"start":{"line":266,"column":29},"end":{"line":266,"column":109}},"type":"cond-expr","locations":[{"start":{"line":266,"column":41},"end":{"line":266,"column":97}},{"start":{"line":266,"column":100},"end":{"line":266,"column":109}}],"line":266},"61":{"loc":{"start":{"line":271,"column":27},"end":{"line":271,"column":107}},"type":"cond-expr","locations":[{"start":{"line":271,"column":39},"end":{"line":271,"column":95}},{"start":{"line":271,"column":98},"end":{"line":271,"column":107}}],"line":271},"62":{"loc":{"start":{"line":272,"column":24},"end":{"line":272,"column":86}},"type":"cond-expr","locations":[{"start":{"line":272,"column":62},"end":{"line":272,"column":73}},{"start":{"line":272,"column":76},"end":{"line":272,"column":86}}],"line":272},"63":{"loc":{"start":{"line":282,"column":8},"end":{"line":286,"column":27}},"type":"if","locations":[{"start":{"line":282,"column":8},"end":{"line":286,"column":27}},{"start":{"line":286,"column":15},"end":{"line":286,"column":27}}],"line":282},"64":{"loc":{"start":{"line":285,"column":10},"end":{"line":285,"column":30}},"type":"if","locations":[{"start":{"line":285,"column":10},"end":{"line":285,"column":30}},{"start":{},"end":{}}],"line":285},"65":{"loc":{"start":{"line":296,"column":64},"end":{"line":296,"column":92}},"type":"binary-expr","locations":[{"start":{"line":296,"column":64},"end":{"line":296,"column":73}},{"start":{"line":296,"column":77},"end":{"line":296,"column":92}}],"line":296},"66":{"loc":{"start":{"line":304,"column":4},"end":{"line":304,"column":80}},"type":"if","locations":[{"start":{"line":304,"column":4},"end":{"line":304,"column":80}},{"start":{},"end":{}}],"line":304}},"s":{"0":3,"1":3,"2":3,"3":3,"4":3,"5":3,"6":3,"7":3,"8":3,"9":15,"10":3,"11":8,"12":8,"13":8,"14":8,"15":3,"16":2,"17":2,"18":2,"19":2,"20":2,"21":2,"22":1,"23":1,"24":0,"25":0,"26":0,"27":1,"28":0,"29":0,"30":0,"31":1,"32":2,"33":2,"34":4,"35":0,"36":0,"37":3,"38":0,"39":0,"40":0,"41":0,"42":0,"43":0,"44":0,"45":0,"46":0,"47":0,"48":0,"49":0,"50":0,"51":0,"52":0,"53":0,"54":0,"55":3,"56":0,"57":0,"58":0,"59":0,"60":0,"61":0,"62":0,"63":0,"64":0,"65":0,"66":0,"67":3,"68":9,"69":9,"70":9,"71":1,"72":8,"73":8,"74":8,"75":8,"76":7,"77":7,"78":7,"79":7,"80":7,"81":7,"82":7,"83":7,"84":7,"85":1,"86":1,"87":0,"88":0,"89":0,"90":0,"91":0,"92":3,"93":0,"94":0,"95":0,"96":0,"97":0,"98":0,"99":0,"100":0,"101":0,"102":0,"103":0,"104":0,"105":0,"106":0,"107":0,"108":0,"109":0,"110":0,"111":0,"112":0,"113":0,"114":0,"115":0,"116":0,"117":0,"118":0,"119":0,"120":0,"121":0,"122":0,"123":0,"124":0,"125":0,"126":3,"127":2,"128":2,"129":2,"130":2,"131":2,"132":2,"133":1,"134":1,"135":1,"136":0,"137":1,"138":1,"139":1,"140":1,"141":1,"142":0,"143":1,"144":1,"145":1,"146":1,"147":1,"148":1,"149":1,"150":1,"151":1,"152":0,"153":0,"154":3,"155":0,"156":0,"157":0,"158":0,"159":0,"160":0,"161":0,"162":0,"163":0,"164":0,"165":0,"166":0,"167":0,"168":0,"169":0,"170":0,"171":0,"172":0,"173":0,"174":0,"175":3,"176":3,"177":3,"178":3,"179":3,"180":0,"181":3,"182":3,"183":3,"184":3,"185":1,"186":2,"187":0,"188":0,"189":0,"190":0,"191":0,"192":0,"193":0,"194":0,"195":0,"196":0,"197":0,"198":0,"199":0,"200":0,"201":0,"202":0,"203":0,"204":0,"205":0,"206":0,"207":0,"208":0,"209":0,"210":0,"211":0,"212":0,"213":0,"214":0,"215":0,"216":0,"217":2,"218":2,"219":2,"220":0,"221":0,"222":3,"223":0,"224":0,"225":0,"226":0,"227":0,"228":0,"229":0,"230":0,"231":3},"f":{"0":15,"1":8,"2":2,"3":4,"4":0,"5":0,"6":0,"7":9,"8":7,"9":7,"10":7,"11":0,"12":0,"13":2,"14":1,"15":0,"16":0,"17":3,"18":0,"19":0},"b":{"0":[15,0],"1":[7,1],"2":[1,1],"3":[0,1],"4":[0,1],"5":[0],"6":[0,0],"7":[0,0],"8":[0,0],"9":[0,0],"10":[9],"11":[1,8],"12":[8,8],"13":[7,1],"14":[8,7],"15":[7,7],"16":[7,3],"17":[7,7],"18":[5,2],"19":[0,0],"20":[1,0],"21":[1,0],"22":[0,0],"23":[0,0],"24":[0,0],"25":[0,0],"26":[0,0],"27":[0],"28":[0,0],"29":[0,0],"30":[0,0],"31":[0,0],"32":[0,0],"33":[0,0],"34":[0,0],"35":[0,0],"36":[0,0],"37":[0,0],"38":[1,1],"39":[2,1],"40":[0,1],"41":[1,0],"42":[1,1],"43":[0,1],"44":[1,1,1],"45":[1,0],"46":[1,0],"47":[0,0],"48":[0,0],"49":[0,0],"50":[3],"51":[0,3],"52":[1,2],"53":[0,2],"54":[0,0],"55":[0,0],"56":[0,0],"57":[0,0],"58":[0,0],"59":[0,0],"60":[0,0],"61":[0,0],"62":[0,0],"63":[0,0],"64":[0,0],"65":[0,0],"66":[0,0]},"_coverageSchema":"1a1c01bbd47fc00a2c39e90264f33305004495a9","hash":"974fc728535808859af696928db3fb9dcd2a8681"}
,"C:\\Users\\Master\\OneDrive\\Desktop\\Dashboard restaurante\\server\\routes\\productos.js": {"path":"C:\\Users\\Master\\OneDrive\\Desktop\\Dashboard restaurante\\server\\routes\\productos.js","statementMap":{"0":{"start":{"line":1,"column":15},"end":{"line":1,"column":42}},"1":{"start":{"line":2,"column":20},"end":{"line":2,"column":49}},"2":{"start":{"line":3,"column":20},"end":{"line":3,"column":55}},"3":{"start":{"line":5,"column":0},"end":{"line":5,"column":24}},"4":{"start":{"line":7,"column":12},"end":{"line":7,"column":49}},"5":{"start":{"line":7,"column":21},"end":{"line":7,"column":49}},"6":{"start":{"line":10,"column":0},"end":{"line":22,"column":3}},"7":{"start":{"line":11,"column":2},"end":{"line":21,"column":67}},"8":{"start":{"line":12,"column":26},"end":{"line":12,"column":35}},"9":{"start":{"line":13,"column":16},"end":{"line":13,"column":24}},"10":{"start":{"line":14,"column":18},"end":{"line":14,"column":55}},"11":{"start":{"line":15,"column":4},"end":{"line":15,"column":47}},"12":{"start":{"line":15,"column":19},"end":{"line":15,"column":47}},"13":{"start":{"line":16,"column":17},"end":{"line":19,"column":6}},"14":{"start":{"line":20,"column":4},"end":{"line":20,"column":19}},"15":{"start":{"line":21,"column":16},"end":{"line":21,"column":65}},"16":{"start":{"line":25,"column":0},"end":{"line":40,"column":3}},"17":{"start":{"line":26,"column":2},"end":{"line":39,"column":85}},"18":{"start":{"line":27,"column":53},"end":{"line":27,"column":61}},"19":{"start":{"line":28,"column":4},"end":{"line":29,"column":86}},"20":{"start":{"line":29,"column":6},"end":{"line":29,"column":86}},"21":{"start":{"line":31,"column":16},"end":{"line":31,"column":24}},"22":{"start":{"line":32,"column":16},"end":{"line":32,"column":107}},"23":{"start":{"line":33,"column":4},"end":{"line":33,"column":108}},"24":{"start":{"line":33,"column":14},"end":{"line":33,"column":108}},"25":{"start":{"line":35,"column":21},"end":{"line":37,"column":6}},"26":{"start":{"line":38,"column":4},"end":{"line":38,"column":35}},"27":{"start":{"line":39,"column":16},"end":{"line":39,"column":33}},"28":{"start":{"line":39,"column":34},"end":{"line":39,"column":83}},"29":{"start":{"line":43,"column":0},"end":{"line":59,"column":3}},"30":{"start":{"line":44,"column":2},"end":{"line":58,"column":67}},"31":{"start":{"line":45,"column":49},"end":{"line":45,"column":57}},"32":{"start":{"line":46,"column":4},"end":{"line":47,"column":86}},"33":{"start":{"line":47,"column":6},"end":{"line":47,"column":86}},"34":{"start":{"line":49,"column":15},"end":{"line":49,"column":38}},"35":{"start":{"line":50,"column":19},"end":{"line":50,"column":99}},"36":{"start":{"line":51,"column":4},"end":{"line":51,"column":82}},"37":{"start":{"line":51,"column":17},"end":{"line":51,"column":82}},"38":{"start":{"line":53,"column":21},"end":{"line":56,"column":6}},"39":{"start":{"line":57,"column":4},"end":{"line":57,"column":23}},"40":{"start":{"line":58,"column":16},"end":{"line":58,"column":65}},"41":{"start":{"line":62,"column":0},"end":{"line":88,"column":3}},"42":{"start":{"line":63,"column":2},"end":{"line":87,"column":85}},"43":{"start":{"line":64,"column":22},"end":{"line":64,"column":30}},"44":{"start":{"line":65,"column":4},"end":{"line":65,"column":97}},"45":{"start":{"line":65,"column":39},"end":{"line":65,"column":97}},"46":{"start":{"line":67,"column":15},"end":{"line":67,"column":38}},"47":{"start":{"line":68,"column":16},"end":{"line":68,"column":24}},"48":{"start":{"line":69,"column":17},"end":{"line":69,"column":92}},"49":{"start":{"line":70,"column":4},"end":{"line":70,"column":80}},"50":{"start":{"line":70,"column":15},"end":{"line":70,"column":80}},"51":{"start":{"line":72,"column":21},"end":{"line":72,"column":62}},"52":{"start":{"line":73,"column":23},"end":{"line":85,"column":6}},"53":{"start":{"line":86,"column":4},"end":{"line":86,"column":82}},"54":{"start":{"line":87,"column":16},"end":{"line":87,"column":33}},"55":{"start":{"line":87,"column":34},"end":{"line":87,"column":83}},"56":{"start":{"line":91,"column":0},"end":{"line":99,"column":3}},"57":{"start":{"line":92,"column":2},"end":{"line":98,"column":67}},"58":{"start":{"line":93,"column":15},"end":{"line":93,"column":38}},"59":{"start":{"line":94,"column":19},"end":{"line":94,"column":99}},"60":{"start":{"line":95,"column":4},"end":{"line":95,"column":82}},"61":{"start":{"line":95,"column":17},"end":{"line":95,"column":82}},"62":{"start":{"line":96,"column":4},"end":{"line":96,"column":81}},"63":{"start":{"line":97,"column":4},"end":{"line":97,"column":27}},"64":{"start":{"line":98,"column":16},"end":{"line":98,"column":65}},"65":{"start":{"line":101,"column":0},"end":{"line":101,"column":24}}},"fnMap":{"0":{"name":"(anonymous_0)","decl":{"start":{"line":7,"column":12},"end":{"line":7,"column":13}},"loc":{"start":{"line":7,"column":21},"end":{"line":7,"column":49}},"line":7},"1":{"name":"(anonymous_1)","decl":{"start":{"line":10,"column":16},"end":{"line":10,"column":17}},"loc":{"start":{"line":10,"column":36},"end":{"line":22,"column":1}},"line":10},"2":{"name":"(anonymous_2)","decl":{"start":{"line":25,"column":49},"end":{"line":25,"column":50}},"loc":{"start":{"line":25,"column":69},"end":{"line":40,"column":1}},"line":25},"3":{"name":"(anonymous_3)","decl":{"start":{"line":43,"column":51},"end":{"line":43,"column":52}},"loc":{"start":{"line":43,"column":71},"end":{"line":59,"column":1}},"line":43},"4":{"name":"(anonymous_4)","decl":{"start":{"line":62,"column":27},"end":{"line":62,"column":28}},"loc":{"start":{"line":62,"column":47},"end":{"line":88,"column":1}},"line":62},"5":{"name":"(anonymous_5)","decl":{"start":{"line":91,"column":43},"end":{"line":91,"column":44}},"loc":{"start":{"line":91,"column":63},"end":{"line":99,"column":1}},"line":91}},"branchMap":{"0":{"loc":{"start":{"line":7,"column":21},"end":{"line":7,"column":49}},"type":"binary-expr","locations":[{"start":{"line":7,"column":21},"end":{"line":7,"column":44}},{"start":{"line":7,"column":48},"end":{"line":7,"column":49}}],"line":7},"1":{"loc":{"start":{"line":15,"column":4},"end":{"line":15,"column":47}},"type":"if","locations":[{"start":{"line":15,"column":4},"end":{"line":15,"column":47}},{"start":{},"end":{}}],"line":15},"2":{"loc":{"start":{"line":27,"column":39},"end":{"line":27,"column":48}},"type":"default-arg","locations":[{"start":{"line":27,"column":47},"end":{"line":27,"column":48}}],"line":27},"3":{"loc":{"start":{"line":28,"column":4},"end":{"line":29,"column":86}},"type":"if","locations":[{"start":{"line":28,"column":4},"end":{"line":29,"column":86}},{"start":{},"end":{}}],"line":28},"4":{"loc":{"start":{"line":28,"column":8},"end":{"line":28,"column":47}},"type":"binary-expr","locations":[{"start":{"line":28,"column":8},"end":{"line":28,"column":15}},{"start":{"line":28,"column":19},"end":{"line":28,"column":29}},{"start":{"line":28,"column":33},"end":{"line":28,"column":47}}],"line":28},"5":{"loc":{"start":{"line":33,"column":4},"end":{"line":33,"column":108}},"type":"if","locations":[{"start":{"line":33,"column":4},"end":{"line":33,"column":108}},{"start":{},"end":{}}],"line":33},"6":{"loc":{"start":{"line":46,"column":4},"end":{"line":47,"column":86}},"type":"if","locations":[{"start":{"line":46,"column":4},"end":{"line":47,"column":86}},{"start":{},"end":{}}],"line":46},"7":{"loc":{"start":{"line":46,"column":8},"end":{"line":46,"column":47}},"type":"binary-expr","locations":[{"start":{"line":46,"column":8},"end":{"line":46,"column":15}},{"start":{"line":46,"column":19},"end":{"line":46,"column":29}},{"start":{"line":46,"column":33},"end":{"line":46,"column":47}}],"line":46},"8":{"loc":{"start":{"line":51,"column":4},"end":{"line":51,"column":82}},"type":"if","locations":[{"start":{"line":51,"column":4},"end":{"line":51,"column":82}},{"start":{},"end":{}}],"line":51},"9":{"loc":{"start":{"line":55,"column":92},"end":{"line":55,"column":102}},"type":"binary-expr","locations":[{"start":{"line":55,"column":92},"end":{"line":55,"column":97}},{"start":{"line":55,"column":101},"end":{"line":55,"column":102}}],"line":55},"10":{"loc":{"start":{"line":65,"column":4},"end":{"line":65,"column":97}},"type":"if","locations":[{"start":{"line":65,"column":4},"end":{"line":65,"column":97}},{"start":{},"end":{}}],"line":65},"11":{"loc":{"start":{"line":65,"column":8},"end":{"line":65,"column":37}},"type":"binary-expr","locations":[{"start":{"line":65,"column":8},"end":{"line":65,"column":21}},{"start":{"line":65,"column":25},"end":{"line":65,"column":37}}],"line":65},"12":{"loc":{"start":{"line":70,"column":4},"end":{"line":70,"column":80}},"type":"if","locations":[{"start":{"line":70,"column":4},"end":{"line":70,"column":80}},{"start":{},"end":{}}],"line":70},"13":{"loc":{"start":{"line":78,"column":16},"end":{"line":78,"column":48}},"type":"cond-expr","locations":[{"start":{"line":78,"column":28},"end":{"line":78,"column":37}},{"start":{"line":78,"column":40},"end":{"line":78,"column":48}}],"line":78},"14":{"loc":{"start":{"line":95,"column":4},"end":{"line":95,"column":82}},"type":"if","locations":[{"start":{"line":95,"column":4},"end":{"line":95,"column":82}},{"start":{},"end":{}}],"line":95}},"s":{"0":3,"1":3,"2":3,"3":3,"4":3,"5":7,"6":3,"7":2,"8":2,"9":2,"10":2,"11":2,"12":1,"13":2,"14":2,"15":0,"16":3,"17":4,"18":4,"19":4,"20":2,"21":2,"22":2,"23":2,"24":1,"25":1,"26":1,"27":0,"28":0,"29":3,"30":2,"31":2,"32":2,"33":0,"34":2,"35":2,"36":2,"37":1,"38":1,"39":1,"40":0,"41":3,"42":0,"43":0,"44":0,"45":0,"46":0,"47":0,"48":0,"49":0,"50":0,"51":0,"52":0,"53":0,"54":0,"55":0,"56":3,"57":1,"58":1,"59":1,"60":1,"61":0,"62":1,"63":1,"64":0,"65":3},"f":{"0":7,"1":2,"2":4,"3":2,"4":0,"5":1},"b":{"0":[7,0],"1":[1,1],"2":[3],"3":[2,2],"4":[4,3,3],"5":[1,1],"6":[0,2],"7":[2,2,2],"8":[1,1],"9":[1,0],"10":[0,0],"11":[0,0],"12":[0,0],"13":[0,0],"14":[0,1]},"_coverageSchema":"1a1c01bbd47fc00a2c39e90264f33305004495a9","hash":"454f71a024233db165c910a100c2b11ae6aacb4e"}
}
