TN:
SF:middleware\auth.js
FN:5,requireAuth
FN:17,(anonymous_1)
FNF:2
FNH:2
FNDA:29,requireAuth
FNDA:25,(anonymous_1)
DA:1,3
DA:2,3
DA:3,3
DA:5,3
DA:6,29
DA:7,29
DA:8,4
DA:10,25
DA:11,25
DA:12,25
DA:13,25
DA:16,25
DA:17,25
DA:18,25
DA:21,0
DA:24,0
LF:16
LH:14
BRDA:7,0,0,4
BRDA:7,0,1,25
BRDA:7,1,0,29
BRDA:7,1,1,25
BRDA:16,2,0,25
BRDA:16,2,1,0
BRF:6
BRH:5
end_of_record
TN:
SF:routes\auth.js
FN:18,signAccess
FN:21,signRefresh
FN:24,storeRefreshToken
FN:28,getStoredRefresh
FN:32,clearRefreshToken
FN:37,(anonymous_5)
FN:63,(anonymous_6)
FN:88,(anonymous_7)
FN:96,(anonymous_8)
FN:108,(anonymous_9)
FN:128,(anonymous_10)
FNF:11
FNH:6
FNDA:6,signAccess
FNDA:6,signRefresh
FNDA:6,storeRefreshToken
FNDA:1,getStoredRefresh
FNDA:0,clearRefreshToken
FNDA:9,(anonymous_5)
FNDA:3,(anonymous_6)
FNDA:0,(anonymous_7)
FNDA:0,(anonymous_8)
FNDA:0,(anonymous_9)
FNDA:0,(anonymous_10)
DA:1,3
DA:2,3
DA:3,3
DA:4,3
DA:5,3
DA:6,3
DA:7,3
DA:10,3
DA:19,6
DA:22,6
DA:25,6
DA:26,6
DA:29,1
DA:30,1
DA:33,0
DA:37,3
DA:38,9
DA:39,9
DA:40,9
DA:41,2
DA:43,7
DA:46,7
DA:47,2
DA:49,5
DA:50,5
DA:51,5
DA:52,5
DA:54,5
DA:59,0
DA:63,3
DA:64,3
DA:65,3
DA:66,3
DA:69,2
DA:70,1
DA:72,1
DA:73,1
DA:75,1
DA:76,1
DA:78,1
DA:79,1
DA:80,1
DA:81,1
DA:83,1
DA:84,0
DA:88,3
DA:89,0
DA:90,0
DA:91,0
DA:92,0
DA:96,3
DA:97,0
DA:98,0
DA:102,0
DA:103,0
DA:104,0
DA:108,3
DA:109,0
DA:110,0
DA:111,0
DA:112,0
DA:113,0
DA:114,0
DA:116,0
DA:117,0
DA:118,0
DA:120,0
DA:121,0
DA:122,0
DA:123,0
DA:124,0
DA:128,3
DA:129,0
DA:130,0
DA:131,0
DA:132,0
DA:133,0
DA:134,0
DA:136,0
DA:137,0
DA:138,0
DA:141,0
DA:142,0
DA:144,0
DA:145,0
DA:146,0
DA:148,0
DA:149,0
DA:153,0
DA:154,0
DA:157,3
LF:91
LH:47
BRDA:30,0,0,1
BRDA:30,0,1,0
BRDA:40,1,0,2
BRDA:40,1,1,7
BRDA:40,2,0,9
BRDA:40,2,1,8
BRDA:46,3,0,2
BRDA:46,3,1,5
BRDA:46,4,0,7
BRDA:46,4,1,6
BRDA:66,5,0,1
BRDA:66,5,1,2
BRDA:73,6,0,0
BRDA:73,6,1,1
BRDA:76,7,0,0
BRDA:76,7,1,1
BRDA:102,8,0,0
BRDA:102,8,1,0
BRDA:111,9,0,0
BRDA:111,9,1,0
BRDA:111,10,0,0
BRDA:111,10,1,0
BRDA:113,11,0,0
BRDA:113,11,1,0
BRDA:117,12,0,0
BRDA:117,12,1,0
BRDA:130,13,0,0
BRDA:131,14,0,0
BRDA:131,14,1,0
BRDA:131,15,0,0
BRDA:131,15,1,0
BRDA:131,15,2,0
BRDA:133,16,0,0
BRDA:133,16,1,0
BRDA:137,17,0,0
BRDA:137,17,1,0
BRDA:141,18,0,0
BRDA:141,18,1,0
BRDA:141,19,0,0
BRDA:141,19,1,0
BRDA:146,20,0,0
BRDA:146,20,1,0
BRF:42
BRH:13
end_of_record
TN:
SF:routes\pedidos.js
FN:11,(anonymous_0)
FN:14,getNextNumero
FN:26,(anonymous_2)
FN:39,(anonymous_3)
FN:44,(anonymous_4)
FN:61,(anonymous_5)
FN:74,(anonymous_6)
FN:79,(anonymous_7)
FN:90,(anonymous_8)
FN:91,(anonymous_9)
FN:98,(anonymous_10)
FN:117,(anonymous_11)
FN:145,(anonymous_12)
FN:166,(anonymous_13)
FN:195,(anonymous_14)
FN:207,(anonymous_15)
FN:227,(anonymous_16)
FN:235,(anonymous_17)
FN:263,(anonymous_18)
FN:300,(anonymous_19)
FNF:20
FNH:11
FNDA:15,(anonymous_0)
FNDA:8,getNextNumero
FNDA:2,(anonymous_2)
FNDA:4,(anonymous_3)
FNDA:0,(anonymous_4)
FNDA:0,(anonymous_5)
FNDA:0,(anonymous_6)
FNDA:9,(anonymous_7)
FNDA:7,(anonymous_8)
FNDA:7,(anonymous_9)
FNDA:7,(anonymous_10)
FNDA:0,(anonymous_11)
FNDA:0,(anonymous_12)
FNDA:2,(anonymous_13)
FNDA:1,(anonymous_14)
FNDA:0,(anonymous_15)
FNDA:0,(anonymous_16)
FNDA:3,(anonymous_17)
FNDA:0,(anonymous_18)
FNDA:0,(anonymous_19)
DA:1,3
DA:2,3
DA:3,3
DA:4,3
DA:5,3
DA:6,3
DA:7,3
DA:9,3
DA:11,15
DA:12,3
DA:15,8
DA:20,8
DA:21,8
DA:22,8
DA:26,3
DA:27,2
DA:28,2
DA:29,2
DA:30,2
DA:31,2
DA:33,2
DA:34,1
DA:35,1
DA:36,1
DA:38,2
DA:39,4
DA:40,0
DA:44,3
DA:45,0
DA:46,0
DA:47,0
DA:48,0
DA:49,0
DA:51,0
DA:52,0
DA:53,0
DA:55,0
DA:56,0
DA:57,0
DA:61,3
DA:62,0
DA:63,0
DA:64,0
DA:69,0
DA:70,0
DA:71,0
DA:72,0
DA:74,0
DA:75,0
DA:79,3
DA:80,9
DA:81,9
DA:82,9
DA:84,8
DA:85,8
DA:86,8
DA:89,8
DA:90,7
DA:91,7
DA:93,7
DA:97,7
DA:98,7
DA:102,7
DA:103,7
DA:107,1
DA:108,0
DA:111,0
DA:112,0
DA:113,0
DA:117,3
DA:118,0
DA:119,0
DA:120,0
DA:121,0
DA:122,0
DA:124,0
DA:125,0
DA:127,0
DA:128,0
DA:129,0
DA:130,0
DA:131,0
DA:132,0
DA:133,0
DA:134,0
DA:135,0
DA:140,0
DA:144,0
DA:145,0
DA:147,0
DA:153,0
DA:154,0
DA:155,0
DA:156,0
DA:157,0
DA:161,0
DA:162,0
DA:166,3
DA:167,2
DA:168,2
DA:169,2
DA:170,2
DA:171,2
DA:172,2
DA:174,1
DA:175,1
DA:177,1
DA:178,1
DA:180,1
DA:181,1
DA:182,1
DA:183,0
DA:185,1
DA:186,1
DA:187,1
DA:193,1
DA:194,1
DA:195,1
DA:197,1
DA:202,1
DA:203,0
DA:207,3
DA:208,0
DA:209,0
DA:210,0
DA:211,0
DA:213,0
DA:214,0
DA:216,0
DA:217,0
DA:218,0
DA:219,0
DA:220,0
DA:224,0
DA:226,0
DA:227,0
DA:228,0
DA:230,0
DA:231,0
DA:235,3
DA:236,3
DA:237,3
DA:238,3
DA:239,3
DA:241,3
DA:242,3
DA:243,3
DA:244,3
DA:246,2
DA:247,0
DA:249,0
DA:250,0
DA:251,0
DA:252,0
DA:255,0
DA:256,0
DA:257,0
DA:258,0
DA:260,0
DA:262,0
DA:263,0
DA:265,0
DA:266,0
DA:267,0
DA:270,0
DA:271,0
DA:272,0
DA:275,0
DA:276,0
DA:282,0
DA:284,0
DA:285,0
DA:286,0
DA:288,0
DA:289,0
DA:290,0
DA:293,2
DA:294,2
DA:295,2
DA:296,0
DA:300,3
DA:301,0
DA:302,0
DA:303,0
DA:304,0
DA:305,0
DA:306,0
DA:307,0
DA:310,3
LF:189
LH:83
BRDA:11,0,0,15
BRDA:11,0,1,0
BRDA:21,1,0,7
BRDA:21,1,1,1
BRDA:33,2,0,1
BRDA:33,2,1,1
BRDA:34,3,0,0
BRDA:34,3,1,1
BRDA:35,4,0,0
BRDA:35,4,1,1
BRDA:46,5,0,0
BRDA:51,6,0,0
BRDA:51,6,1,0
BRDA:52,7,0,0
BRDA:52,7,1,0
BRDA:56,8,0,0
BRDA:56,8,1,0
BRDA:71,9,0,0
BRDA:71,9,1,0
BRDA:81,10,0,9
BRDA:82,11,0,1
BRDA:82,11,1,8
BRDA:86,12,0,8
BRDA:86,12,1,8
BRDA:89,13,0,7
BRDA:89,13,1,1
BRDA:89,14,0,8
BRDA:89,14,1,7
BRDA:94,15,0,7
BRDA:94,15,1,7
BRDA:94,16,0,7
BRDA:94,16,1,3
BRDA:94,17,0,7
BRDA:94,17,1,7
BRDA:99,18,0,5
BRDA:99,18,1,2
BRDA:102,19,0,0
BRDA:102,19,1,0
BRDA:107,20,0,1
BRDA:107,20,1,0
BRDA:107,21,0,1
BRDA:107,21,1,0
BRDA:109,22,0,0
BRDA:109,22,1,0
BRDA:109,23,0,0
BRDA:109,23,1,0
BRDA:109,24,0,0
BRDA:109,24,1,0
BRDA:111,25,0,0
BRDA:111,25,1,0
BRDA:113,26,0,0
BRDA:113,26,1,0
BRDA:121,27,0,0
BRDA:122,28,0,0
BRDA:122,28,1,0
BRDA:122,29,0,0
BRDA:122,29,1,0
BRDA:125,30,0,0
BRDA:125,30,1,0
BRDA:129,31,0,0
BRDA:129,31,1,0
BRDA:131,32,0,0
BRDA:131,32,1,0
BRDA:132,33,0,0
BRDA:132,33,1,0
BRDA:141,34,0,0
BRDA:141,34,1,0
BRDA:153,35,0,0
BRDA:153,35,1,0
BRDA:155,36,0,0
BRDA:155,36,1,0
BRDA:155,37,0,0
BRDA:155,37,1,0
BRDA:172,38,0,1
BRDA:172,38,1,1
BRDA:172,39,0,2
BRDA:172,39,1,1
BRDA:175,40,0,0
BRDA:175,40,1,1
BRDA:180,41,0,1
BRDA:180,41,1,0
BRDA:180,42,0,1
BRDA:180,42,1,1
BRDA:182,43,0,0
BRDA:182,43,1,1
BRDA:182,44,0,1
BRDA:182,44,1,1
BRDA:182,44,2,1
BRDA:185,45,0,1
BRDA:185,45,1,0
BRDA:188,46,0,1
BRDA:188,46,1,0
BRDA:214,47,0,0
BRDA:214,47,1,0
BRDA:217,48,0,0
BRDA:217,48,1,0
BRDA:221,49,0,0
BRDA:221,49,1,0
BRDA:237,50,0,3
BRDA:239,51,0,0
BRDA:239,51,1,3
BRDA:244,52,0,1
BRDA:244,52,1,2
BRDA:246,53,0,0
BRDA:246,53,1,2
BRDA:247,54,0,0
BRDA:247,54,1,0
BRDA:250,55,0,0
BRDA:250,55,1,0
BRDA:255,56,0,0
BRDA:255,56,1,0
BRDA:256,57,0,0
BRDA:256,57,1,0
BRDA:257,58,0,0
BRDA:257,58,1,0
BRDA:262,59,0,0
BRDA:262,59,1,0
BRDA:266,60,0,0
BRDA:266,60,1,0
BRDA:271,61,0,0
BRDA:271,61,1,0
BRDA:272,62,0,0
BRDA:272,62,1,0
BRDA:282,63,0,0
BRDA:282,63,1,0
BRDA:285,64,0,0
BRDA:285,64,1,0
BRDA:296,65,0,0
BRDA:296,65,1,0
BRDA:304,66,0,0
BRDA:304,66,1,0
BRF:131
BRH:45
end_of_record
TN:
SF:routes\productos.js
FN:7,(anonymous_0)
FN:10,(anonymous_1)
FN:25,(anonymous_2)
FN:43,(anonymous_3)
FN:62,(anonymous_4)
FN:91,(anonymous_5)
FNF:6
FNH:5
FNDA:7,(anonymous_0)
FNDA:2,(anonymous_1)
FNDA:4,(anonymous_2)
FNDA:2,(anonymous_3)
FNDA:0,(anonymous_4)
FNDA:1,(anonymous_5)
DA:1,3
DA:2,3
DA:3,3
DA:5,3
DA:7,7
DA:10,3
DA:11,2
DA:12,2
DA:13,2
DA:14,2
DA:15,2
DA:16,2
DA:20,2
DA:21,0
DA:25,3
DA:26,4
DA:27,4
DA:28,4
DA:29,2
DA:31,2
DA:32,2
DA:33,2
DA:35,1
DA:38,1
DA:39,0
DA:43,3
DA:44,2
DA:45,2
DA:46,2
DA:47,0
DA:49,2
DA:50,2
DA:51,2
DA:53,1
DA:57,1
DA:58,0
DA:62,3
DA:63,0
DA:64,0
DA:65,0
DA:67,0
DA:68,0
DA:69,0
DA:70,0
DA:72,0
DA:73,0
DA:86,0
DA:87,0
DA:91,3
DA:92,1
DA:93,1
DA:94,1
DA:95,1
DA:96,1
DA:97,1
DA:98,0
DA:101,3
LF:57
LH:41
BRDA:7,0,0,7
BRDA:7,0,1,0
BRDA:15,1,0,1
BRDA:15,1,1,1
BRDA:27,2,0,3
BRDA:28,3,0,2
BRDA:28,3,1,2
BRDA:28,4,0,4
BRDA:28,4,1,3
BRDA:28,4,2,3
BRDA:33,5,0,1
BRDA:33,5,1,1
BRDA:46,6,0,0
BRDA:46,6,1,2
BRDA:46,7,0,2
BRDA:46,7,1,2
BRDA:46,7,2,2
BRDA:51,8,0,1
BRDA:51,8,1,1
BRDA:55,9,0,1
BRDA:55,9,1,0
BRDA:65,10,0,0
BRDA:65,10,1,0
BRDA:65,11,0,0
BRDA:65,11,1,0
BRDA:70,12,0,0
BRDA:70,12,1,0
BRDA:78,13,0,0
BRDA:78,13,1,0
BRDA:95,14,0,0
BRDA:95,14,1,1
BRF:31
BRH:19
end_of_record
