TN:
SF:src\AuthContext.jsx
FN:6,AuthProvider
FN:7,(anonymous_1)
FN:13,(anonymous_2)
FN:23,(anonymous_3)
FN:25,(anonymous_4)
FN:40,(anonymous_5)
FN:45,(anonymous_6)
FN:50,(anonymous_7)
FN:66,(anonymous_8)
FN:70,(anonymous_9)
FN:71,(anonymous_10)
FN:73,(anonymous_11)
FN:76,(anonymous_12)
FN:86,(anonymous_13)
FN:88,(anonymous_14)
FN:99,useAuth
FNF:16
FNH:13
FNDA:15,AuthProvider
FNDA:6,(anonymous_1)
FNDA:2,(anonymous_2)
FNDA:3,(anonymous_3)
FNDA:0,(anonymous_4)
FNDA:6,(anonymous_5)
FNDA:2,(anonymous_6)
FNDA:1,(anonymous_7)
FNDA:3,(anonymous_8)
FNDA:6,(anonymous_9)
FNDA:0,(anonymous_10)
FNDA:6,(anonymous_11)
FNDA:2,(anonymous_12)
FNDA:1,(anonymous_13)
FNDA:0,(anonymous_14)
FNDA:16,useAuth
DA:4,1
DA:7,15
DA:8,6
DA:10,15
DA:11,15
DA:13,15
DA:14,2
DA:15,2
DA:16,2
DA:17,2
DA:18,2
DA:19,2
DA:23,15
DA:24,3
DA:25,3
DA:26,0
DA:27,0
DA:28,0
DA:29,0
DA:30,0
DA:31,0
DA:32,0
DA:34,0
DA:40,15
DA:41,6
DA:42,6
DA:44,3
DA:46,2
DA:47,2
DA:48,2
DA:52,1
DA:53,1
DA:54,0
DA:55,0
DA:56,0
DA:57,0
DA:58,0
DA:59,0
DA:60,0
DA:61,0
DA:63,0
DA:66,3
DA:70,15
DA:71,6
DA:72,6
DA:73,6
DA:76,15
DA:77,2
DA:78,1
DA:79,1
DA:80,1
DA:81,1
DA:82,1
DA:83,1
DA:86,15
DA:88,15
DA:89,0
DA:92,15
DA:100,16
DA:101,16
DA:102,16
LF:61
LH:43
BRDA:13,0,0,2
BRDA:14,1,0,1
BRDA:14,1,1,1
BRDA:15,2,0,1
BRDA:15,2,1,1
BRDA:24,3,0,0
BRDA:24,3,1,3
BRDA:28,4,0,0
BRDA:28,4,1,0
BRDA:42,5,0,3
BRDA:42,5,1,3
BRDA:53,6,0,1
BRDA:53,6,1,0
BRDA:101,7,0,0
BRDA:101,7,1,16
BRF:15
BRH:10
end_of_record
TN:
SF:src\api.js
FN:5,getToken
FN:9,request
FN:27,(anonymous_2)
FN:34,(anonymous_3)
FN:36,(anonymous_4)
FN:38,(anonymous_5)
FN:39,(anonymous_6)
FN:40,(anonymous_7)
FN:42,(anonymous_8)
FN:46,(anonymous_9)
FN:47,(anonymous_10)
FN:48,(anonymous_11)
FN:49,(anonymous_12)
FN:50,(anonymous_13)
FN:51,(anonymous_14)
FN:53,(anonymous_15)
FN:54,(anonymous_16)
FN:55,(anonymous_17)
FN:56,(anonymous_18)
FN:59,(anonymous_19)
FN:60,(anonymous_20)
FN:61,(anonymous_21)
FN:62,(anonymous_22)
FN:63,(anonymous_23)
FN:65,(anonymous_24)
FN:66,(anonymous_25)
FN:67,(anonymous_26)
FN:70,(anonymous_27)
FN:71,(anonymous_28)
FN:72,(anonymous_29)
FN:73,(anonymous_30)
FN:76,(anonymous_31)
FN:77,(anonymous_32)
FN:78,(anonymous_33)
FN:79,(anonymous_34)
FN:80,(anonymous_35)
FN:83,(anonymous_36)
FN:84,(anonymous_37)
FN:85,(anonymous_38)
FN:86,(anonymous_39)
FN:89,(anonymous_40)
FN:90,(anonymous_41)
FN:91,(anonymous_42)
FN:92,(anonymous_43)
FN:94,(anonymous_44)
FN:97,(anonymous_45)
FN:98,(anonymous_46)
FN:99,(anonymous_47)
FN:100,(anonymous_48)
FN:101,(anonymous_49)
FN:104,(anonymous_50)
FN:105,(anonymous_51)
FN:106,(anonymous_52)
FN:109,(anonymous_53)
FN:110,(anonymous_54)
FN:113,(anonymous_55)
FN:121,(anonymous_56)
FN:128,(anonymous_57)
FN:135,(anonymous_58)
FN:136,(anonymous_59)
FN:137,(anonymous_60)
FN:138,(anonymous_61)
FN:141,(anonymous_62)
FN:142,(anonymous_63)
FN:143,(anonymous_64)
FN:144,(anonymous_65)
FN:145,(anonymous_66)
FN:156,(anonymous_67)
FNF:68
FNH:4
FNDA:5,getToken
FNDA:5,request
FNDA:0,(anonymous_2)
FNDA:1,(anonymous_3)
FNDA:0,(anonymous_4)
FNDA:4,(anonymous_5)
FNDA:0,(anonymous_6)
FNDA:0,(anonymous_7)
FNDA:0,(anonymous_8)
FNDA:0,(anonymous_9)
FNDA:0,(anonymous_10)
FNDA:0,(anonymous_11)
FNDA:0,(anonymous_12)
FNDA:0,(anonymous_13)
FNDA:0,(anonymous_14)
FNDA:0,(anonymous_15)
FNDA:0,(anonymous_16)
FNDA:0,(anonymous_17)
FNDA:0,(anonymous_18)
FNDA:0,(anonymous_19)
FNDA:0,(anonymous_20)
FNDA:0,(anonymous_21)
FNDA:0,(anonymous_22)
FNDA:0,(anonymous_23)
FNDA:0,(anonymous_24)
FNDA:0,(anonymous_25)
FNDA:0,(anonymous_26)
FNDA:0,(anonymous_27)
FNDA:0,(anonymous_28)
FNDA:0,(anonymous_29)
FNDA:0,(anonymous_30)
FNDA:0,(anonymous_31)
FNDA:0,(anonymous_32)
FNDA:0,(anonymous_33)
FNDA:0,(anonymous_34)
FNDA:0,(anonymous_35)
FNDA:0,(anonymous_36)
FNDA:0,(anonymous_37)
FNDA:0,(anonymous_38)
FNDA:0,(anonymous_39)
FNDA:0,(anonymous_40)
FNDA:0,(anonymous_41)
FNDA:0,(anonymous_42)
FNDA:0,(anonymous_43)
FNDA:0,(anonymous_44)
FNDA:0,(anonymous_45)
FNDA:0,(anonymous_46)
FNDA:0,(anonymous_47)
FNDA:0,(anonymous_48)
FNDA:0,(anonymous_49)
FNDA:0,(anonymous_50)
FNDA:0,(anonymous_51)
FNDA:0,(anonymous_52)
FNDA:0,(anonymous_53)
FNDA:0,(anonymous_54)
FNDA:0,(anonymous_55)
FNDA:0,(anonymous_56)
FNDA:0,(anonymous_57)
FNDA:0,(anonymous_58)
FNDA:0,(anonymous_59)
FNDA:0,(anonymous_60)
FNDA:0,(anonymous_61)
FNDA:0,(anonymous_62)
FNDA:0,(anonymous_63)
FNDA:0,(anonymous_64)
FNDA:0,(anonymous_65)
FNDA:0,(anonymous_66)
FNDA:0,(anonymous_67)
DA:3,1
DA:6,5
DA:10,5
DA:11,5
DA:17,5
DA:19,5
DA:21,1
DA:22,1
DA:23,1
DA:24,1
DA:27,4
DA:28,4
DA:29,3
DA:32,1
DA:35,1
DA:37,0
DA:38,4
DA:39,0
DA:41,0
DA:43,0
DA:46,0
DA:47,0
DA:48,0
DA:49,0
DA:50,0
DA:52,0
DA:53,0
DA:54,0
DA:55,0
DA:56,0
DA:59,0
DA:60,0
DA:61,0
DA:62,0
DA:64,0
DA:65,0
DA:66,0
DA:67,0
DA:70,0
DA:71,0
DA:72,0
DA:73,0
DA:76,0
DA:77,0
DA:78,0
DA:79,0
DA:80,0
DA:83,0
DA:84,0
DA:85,0
DA:86,0
DA:89,0
DA:90,0
DA:91,0
DA:93,0
DA:94,0
DA:97,0
DA:98,0
DA:99,0
DA:100,0
DA:101,0
DA:104,0
DA:105,0
DA:106,0
DA:109,0
DA:110,0
DA:114,0
DA:115,0
DA:116,0
DA:117,0
DA:122,0
DA:123,0
DA:124,0
DA:125,0
DA:126,0
DA:128,0
DA:129,0
DA:130,0
DA:135,0
DA:136,0
DA:137,0
DA:138,0
DA:141,0
DA:142,0
DA:143,0
DA:144,0
DA:146,0
DA:147,0
DA:148,0
DA:149,0
DA:150,0
DA:151,0
DA:152,0
DA:153,0
DA:154,0
DA:156,0
LF:96
LH:16
BRDA:3,0,0,1
BRDA:3,0,1,1
BRDA:9,1,0,5
BRDA:13,2,0,2
BRDA:13,2,1,3
BRDA:19,3,0,1
BRDA:19,3,1,4
BRDA:28,4,0,1
BRDA:28,4,1,3
BRDA:28,5,0,1
BRDA:28,5,1,0
BRDA:46,6,0,0
BRDA:46,6,1,0
BRDA:51,7,0,0
BRDA:59,8,0,0
BRDA:59,8,1,0
BRDA:76,9,0,0
BRDA:76,9,1,0
BRDA:89,10,0,0
BRDA:89,10,1,0
BRDA:97,11,0,0
BRDA:97,11,1,0
BRDA:119,12,0,0
BRDA:119,12,1,0
BRDA:122,13,0,0
BRDA:122,13,1,0
BRDA:129,14,0,0
BRDA:129,14,1,0
BRDA:129,15,0,0
BRDA:129,15,1,0
BRDA:145,16,0,0
BRDA:147,17,0,0
BRDA:147,17,1,0
BRDA:148,18,0,0
BRDA:148,18,1,0
BRDA:149,19,0,0
BRDA:149,19,1,0
BRDA:150,20,0,0
BRDA:150,20,1,0
BRDA:151,21,0,0
BRDA:151,21,1,0
BRDA:152,22,0,0
BRDA:152,22,1,0
BRDA:154,23,0,0
BRDA:154,23,1,0
BRF:45
BRH:10
end_of_record
TN:
SF:src\lib\pedidoQtyUtils.js
FN:9,updateItemQty
FN:10,(anonymous_1)
FN:13,(anonymous_2)
FNF:3
FNH:3
FNDA:8,updateItemQty
FNDA:14,(anonymous_1)
FNDA:14,(anonymous_2)
DA:10,8
DA:11,14
DA:13,14
DA:14,8
LF:4
LH:4
BRDA:11,0,0,6
BRDA:11,0,1,8
BRF:2
BRH:2
end_of_record
